Using pre-set license
Built from '2021.2/release' branch; Version is '2021.2.15f1 (3b8567f665bb) revision 3900775'; Using compiler version '192829333'; Build Type 'Release'
OS: 'Windows 11  (10.0.22621) 64bit Core' Language: 'en' Physical Memory: 32693 MB
BatchMode: 1, IsHumanControllingUs: 0, StartBugReporterOnCrash: 0, Is64bit: 1, IsPro: 1

COMMAND LINE ARGUMENTS:
C:\Program Files\Unity\Hub\Editor\2021.2.15f1\Editor\Unity.exe
-adb2
-batchMode
-noUpm
-name
AssetImportWorker0
-projectPath
C:/Users/UserK/Desktop/repos/lego-game/lego
-logFile
Logs/AssetImportWorker0.log
-srvPort
55678
Successfully changed project path to: C:/Users/UserK/Desktop/repos/lego-game/lego
C:/Users/UserK/Desktop/repos/lego-game/lego
[UnityMemory] Configuration Parameters - Can be set up in boot.config
    "memorysetup-bucket-allocator-granularity=16"
    "memorysetup-bucket-allocator-bucket-count=8"
    "memorysetup-bucket-allocator-block-size=33554432"
    "memorysetup-bucket-allocator-block-count=8"
    "memorysetup-main-allocator-block-size=16777216"
    "memorysetup-thread-allocator-block-size=16777216"
    "memorysetup-gfx-main-allocator-block-size=16777216"
    "memorysetup-gfx-thread-allocator-block-size=16777216"
    "memorysetup-cache-allocator-block-size=4194304"
    "memorysetup-typetree-allocator-block-size=2097152"
    "memorysetup-profiler-bucket-allocator-granularity=16"
    "memorysetup-profiler-bucket-allocator-bucket-count=8"
    "memorysetup-profiler-bucket-allocator-block-size=33554432"
    "memorysetup-profiler-bucket-allocator-block-count=8"
    "memorysetup-profiler-allocator-block-size=16777216"
    "memorysetup-profiler-editor-allocator-block-size=1048576"
    "memorysetup-temp-allocator-size-main=16777216"
    "memorysetup-job-temp-allocator-block-size=2097152"
    "memorysetup-job-temp-allocator-block-size-background=1048576"
    "memorysetup-job-temp-allocator-reduction-small-platforms=262144"
    "memorysetup-temp-allocator-size-background-worker=32768"
    "memorysetup-temp-allocator-size-job-worker=262144"
    "memorysetup-temp-allocator-size-preload-manager=33554432"
    "memorysetup-temp-allocator-size-nav-mesh-worker=65536"
    "memorysetup-temp-allocator-size-audio-worker=65536"
    "memorysetup-temp-allocator-size-cloud-worker=32768"
    "memorysetup-temp-allocator-size-gi-baking-worker=262144"
    "memorysetup-temp-allocator-size-gfx=262144"
Refreshing native plugins compatible for Editor in 143.47 ms, found 3 plugins.
Preloading 0 native plugins for Editor in 0.00 ms.
Initialize engine version: 2021.2.15f1 (3b8567f665bb)
[Subsystems] Discovering subsystems at path C:/Program Files/Unity/Hub/Editor/2021.2.15f1/Editor/Data/Resources/UnitySubsystems
[Subsystems] Discovering subsystems at path C:/Users/UserK/Desktop/repos/lego-game/lego/Assets
GfxDevice: creating device client; threaded=0; jobified=0
Direct3D:
    Version:  Direct3D 11.0 [level 11.1]
    Renderer: NVIDIA GeForce GTX 1070 (ID=0x1b81)
    Vendor:   NVIDIA
    VRAM:     8088 MB
    Driver:   27.21.14.5671
Initialize mono
Mono path[0] = 'C:/Program Files/Unity/Hub/Editor/2021.2.15f1/Editor/Data/Managed'
Mono path[1] = 'C:/Program Files/Unity/Hub/Editor/2021.2.15f1/Editor/Data/MonoBleedingEdge/lib/mono/unityjit-win32'
Mono config path = 'C:/Program Files/Unity/Hub/Editor/2021.2.15f1/Editor/Data/MonoBleedingEdge/etc'
Using monoOptions --debugger-agent=transport=dt_socket,embedding=1,server=y,suspend=n,address=127.0.0.1:56700
Begin MonoManager ReloadAssembly
Registering precompiled unity dll's ...
Register platform support module: C:/Program Files/Unity/Hub/Editor/2021.2.15f1/Editor/Data/PlaybackEngines/WindowsStandaloneSupport/UnityEditor.WindowsStandalone.Extensions.dll
Registered in 0.005550 seconds.
Native extension for WindowsStandalone target not found
Refreshing native plugins compatible for Editor in 165.52 ms, found 3 plugins.
Preloading 0 native plugins for Editor in 0.00 ms.
Mono: successfully reloaded assembly
- Completed reload, in  0.731 seconds
Domain Reload Profiling:
	ReloadAssembly (732ms)
		BeginReloadAssembly (65ms)
			ExecutionOrderSort (0ms)
			DisableScriptedObjects (0ms)
			BackupInstance (0ms)
			ReleaseScriptingObjects (0ms)
			CreateAndSetChildDomain (1ms)
		EndReloadAssembly (550ms)
			LoadAssemblies (63ms)
			RebuildTransferFunctionScriptingTraits (0ms)
			SetupTypeCache (107ms)
			ReleaseScriptCaches (0ms)
			RebuildScriptCaches (28ms)
			SetupLoadedEditorAssemblies (363ms)
				LogAssemblyErrors (0ms)
				InitializePlatformSupportModulesInManaged (8ms)
				SetLoadedEditorAssemblies (0ms)
				RefreshPlugins (166ms)
				BeforeProcessingInitializeOnLoad (2ms)
				ProcessInitializeOnLoadAttributes (142ms)
				ProcessInitializeOnLoadMethodAttributes (46ms)
				AfterProcessingInitializeOnLoad (0ms)
				EditorAssembliesLoaded (0ms)
			ExecutionOrderSort2 (0ms)
			AwakeInstancesAfterBackupRestoration (0ms)
Platform modules already initialized, skipping
Registering precompiled user dll's ...
Registered in 0.008501 seconds.
Begin MonoManager ReloadAssembly
Symbol file LoadedFromMemory doesn't match image C:\Users\UserK\Desktop\repos\lego-game\lego\Library\PackageCache\com.unity.visualscripting@1.7.8\Editor\VisualScripting.Core\Dependencies\YamlDotNet\Unity.VisualScripting.YamlDotNet.dll
Symbol file LoadedFromMemory doesn't match image C:\Users\UserK\Desktop\repos\lego-game\lego\Library\PackageCache\com.unity.visualscripting@1.7.8\Editor\VisualScripting.Core\Dependencies\DotNetZip\Unity.VisualScripting.IonicZip.dll
Native extension for WindowsStandalone target not found
Refreshing native plugins compatible for Editor in 141.26 ms, found 3 plugins.
Preloading 0 native plugins for Editor in 0.00 ms.
Mono: successfully reloaded assembly
- Completed reload, in  1.700 seconds
Domain Reload Profiling:
	ReloadAssembly (1701ms)
		BeginReloadAssembly (112ms)
			ExecutionOrderSort (0ms)
			DisableScriptedObjects (6ms)
			BackupInstance (0ms)
			ReleaseScriptingObjects (0ms)
			CreateAndSetChildDomain (24ms)
		EndReloadAssembly (1465ms)
			LoadAssemblies (91ms)
			RebuildTransferFunctionScriptingTraits (0ms)
			SetupTypeCache (324ms)
			ReleaseScriptCaches (1ms)
			RebuildScriptCaches (79ms)
			SetupLoadedEditorAssemblies (928ms)
				LogAssemblyErrors (0ms)
				InitializePlatformSupportModulesInManaged (5ms)
				SetLoadedEditorAssemblies (0ms)
				RefreshPlugins (141ms)
				BeforeProcessingInitializeOnLoad (137ms)
				ProcessInitializeOnLoadAttributes (558ms)
				ProcessInitializeOnLoadMethodAttributes (80ms)
				AfterProcessingInitializeOnLoad (7ms)
				EditorAssembliesLoaded (0ms)
			ExecutionOrderSort2 (0ms)
			AwakeInstancesAfterBackupRestoration (6ms)
Platform modules already initialized, skipping
========================================================================
Worker process is ready to serve import requests
Launched and connected shader compiler UnityShaderCompiler.exe after 0.05 seconds
Refreshing native plugins compatible for Editor in 2.54 ms, found 3 plugins.
Preloading 0 native plugins for Editor in 0.00 ms.
Unloading 5647 Unused Serialized files (Serialized files now loaded: 0)
Unloading 49 unused Assets / (0.8 MB). Loaded Objects now: 6116.
Memory consumption went from 221.3 MB to 220.5 MB.
Total: 8.352900 ms (FindLiveObjects: 0.918600 ms CreateObjectMapping: 0.226600 ms MarkObjects: 6.573800 ms  DeleteObjects: 0.632100 ms)

AssetImportParameters requested are different than current active one (requested -> active):
  custom:video-decoder-ogg-theora: a1e56fd34408186e4bbccfd4996cb3dc -> 
  custom:container-muxer-webm: aa71ff27fc2769a1b78a27578f13a17b -> 
  custom:container-demuxer-webm: 4f35f7cbe854078d1ac9338744f61a02 -> 
  custom:video-encoder-webm-vp8: eb34c28f22e8b96e1ab97ce403110664 -> 
  custom:audio-encoder-webm-vorbis: bf7c407c2cedff20999df2af8eb42d56 -> 
  custom:framework-win-MediaFoundation: 216162199b28c13a410421893ffa2e32 -> 
  custom:container-demuxer-ogg: 62fdf1f143b41e24485cea50d1cbac27 -> 
  custom:video-decoder-webm-vp8: 9c59270c3fd7afecdb556c50c9e8de78 -> 
  custom:audio-decoder-ogg-vorbis: bf7c407c2cedff20999df2af8eb42d56 -> 
========================================================================
Received Import Request.
  Time since last request: 1132401.088006 seconds.
  path: Assets/UniversalRenderPipelineGlobalSettings.asset
  artifactKey: Guid(f29ffd3dad6834af492b737a3c919a1f) Importer(815301076,1909f56bfc062723c751e8b465ee728b)
Start importing Assets/UniversalRenderPipelineGlobalSettings.asset using Guid(f29ffd3dad6834af492b737a3c919a1f) Importer(815301076,1909f56bfc062723c751e8b465ee728b)  -> (artifact id: '4c8126b47c0515e656cacb70b78b4292') in 0.180055 seconds 
========================================================================
Received Prepare
Registering precompiled user dll's ...
Registered in 0.010131 seconds.
Begin MonoManager ReloadAssembly
Symbol file LoadedFromMemory doesn't match image C:\Users\UserK\Desktop\repos\lego-game\lego\Library\PackageCache\com.unity.visualscripting@1.7.8\Editor\VisualScripting.Core\Dependencies\YamlDotNet\Unity.VisualScripting.YamlDotNet.dll
Symbol file LoadedFromMemory doesn't match image C:\Users\UserK\Desktop\repos\lego-game\lego\Library\PackageCache\com.unity.visualscripting@1.7.8\Editor\VisualScripting.Core\Dependencies\DotNetZip\Unity.VisualScripting.IonicZip.dll
Native extension for WindowsStandalone target not found
Refreshing native plugins compatible for Editor in 1.98 ms, found 3 plugins.
Preloading 0 native plugins for Editor in 0.00 ms.
Mono: successfully reloaded assembly
- Completed reload, in  1.741 seconds
Domain Reload Profiling:
	ReloadAssembly (1741ms)
		BeginReloadAssembly (162ms)
			ExecutionOrderSort (0ms)
			DisableScriptedObjects (4ms)
			BackupInstance (0ms)
			ReleaseScriptingObjects (0ms)
			CreateAndSetChildDomain (52ms)
		EndReloadAssembly (1462ms)
			LoadAssemblies (103ms)
			RebuildTransferFunctionScriptingTraits (0ms)
			SetupTypeCache (409ms)
			ReleaseScriptCaches (3ms)
			RebuildScriptCaches (134ms)
			SetupLoadedEditorAssemblies (688ms)
				LogAssemblyErrors (0ms)
				InitializePlatformSupportModulesInManaged (13ms)
				SetLoadedEditorAssemblies (0ms)
				RefreshPlugins (2ms)
				BeforeProcessingInitializeOnLoad (118ms)
				ProcessInitializeOnLoadAttributes (472ms)
				ProcessInitializeOnLoadMethodAttributes (74ms)
				AfterProcessingInitializeOnLoad (7ms)
				EditorAssembliesLoaded (0ms)
			ExecutionOrderSort2 (0ms)
			AwakeInstancesAfterBackupRestoration (10ms)
Platform modules already initialized, skipping
Refreshing native plugins compatible for Editor in 4.39 ms, found 3 plugins.
Preloading 0 native plugins for Editor in 0.00 ms.
Unloading 5522 Unused Serialized files (Serialized files now loaded: 0)
Unloading 30 unused Assets / (0.7 MB). Loaded Objects now: 6131.
Memory consumption went from 215.8 MB to 215.1 MB.
Total: 6.246200 ms (FindLiveObjects: 0.582200 ms CreateObjectMapping: 0.162400 ms MarkObjects: 4.976900 ms  DeleteObjects: 0.522800 ms)

AssetImportParameters requested are different than current active one (requested -> active):
  custom:video-decoder-ogg-theora: a1e56fd34408186e4bbccfd4996cb3dc -> 
  custom:container-muxer-webm: aa71ff27fc2769a1b78a27578f13a17b -> 
  custom:container-demuxer-webm: 4f35f7cbe854078d1ac9338744f61a02 -> 
  custom:video-encoder-webm-vp8: eb34c28f22e8b96e1ab97ce403110664 -> 
  custom:audio-encoder-webm-vorbis: bf7c407c2cedff20999df2af8eb42d56 -> 
  custom:framework-win-MediaFoundation: 216162199b28c13a410421893ffa2e32 -> 
  custom:container-demuxer-ogg: 62fdf1f143b41e24485cea50d1cbac27 -> 
  custom:video-decoder-webm-vp8: 9c59270c3fd7afecdb556c50c9e8de78 -> 
  custom:audio-decoder-ogg-vorbis: bf7c407c2cedff20999df2af8eb42d56 -> 
========================================================================
Received Import Request.
  Time since last request: 1217.324083 seconds.
  path: Assets/LEGO
  artifactKey: Guid(65bd2d03b5bd03040b1db32c8b24a9a2) Importer(815301076,1909f56bfc062723c751e8b465ee728b)
Start importing Assets/LEGO using Guid(65bd2d03b5bd03040b1db32c8b24a9a2) Importer(815301076,1909f56bfc062723c751e8b465ee728b)  -> (artifact id: '09321bf539972be7762ac5528f16b707') in 0.021472 seconds 
========================================================================
Received Import Request.
  Time since last request: 1.961988 seconds.
  path: Assets/LEGO/Scenes
  artifactKey: Guid(899a26b30c514484da4dd2040041d11a) Importer(815301076,1909f56bfc062723c751e8b465ee728b)
Start importing Assets/LEGO/Scenes using Guid(899a26b30c514484da4dd2040041d11a) Importer(815301076,1909f56bfc062723c751e8b465ee728b)  -> (artifact id: 'dcee63265ff2a2df7c9f729fa8db412e') in 0.008668 seconds 
========================================================================
Received Import Request.
  Time since last request: 879.560191 seconds.
  path: Assets/AddOns/MgLEGO Gingerbricks Revenge/Scenes
  artifactKey: Guid(3f03d29d09b71c6499b35406edd0ca03) Importer(815301076,1909f56bfc062723c751e8b465ee728b)
Start importing Assets/AddOns/MgLEGO Gingerbricks Revenge/Scenes using Guid(3f03d29d09b71c6499b35406edd0ca03) Importer(815301076,1909f56bfc062723c751e8b465ee728b)  -> (artifact id: 'f893f05b1d42c35cd3cda5b8401205b5') in 0.002563 seconds 
========================================================================
Received Import Request.
  Time since last request: 1.205517 seconds.
  path: Assets/AddOns/MgLEGO Gingerbricks Revenge/Scenes/Gingerbricks Revenge.unity
  artifactKey: Guid(a1ddbf0aec830774b950c2f65ef2a1c0) Importer(815301076,1909f56bfc062723c751e8b465ee728b)
Start importing Assets/AddOns/MgLEGO Gingerbricks Revenge/Scenes/Gingerbricks Revenge.unity using Guid(a1ddbf0aec830774b950c2f65ef2a1c0) Importer(815301076,1909f56bfc062723c751e8b465ee728b)  -> (artifact id: 'a69e63fe20cee84e813f90e332e1984b') in 0.008974 seconds 
========================================================================
Received Prepare
Registering precompiled user dll's ...
Registered in 0.010306 seconds.
Begin MonoManager ReloadAssembly
Symbol file LoadedFromMemory doesn't match image C:\Users\UserK\Desktop\repos\lego-game\lego\Library\PackageCache\com.unity.visualscripting@1.7.8\Editor\VisualScripting.Core\Dependencies\YamlDotNet\Unity.VisualScripting.YamlDotNet.dll
Symbol file LoadedFromMemory doesn't match image C:\Users\UserK\Desktop\repos\lego-game\lego\Library\PackageCache\com.unity.visualscripting@1.7.8\Editor\VisualScripting.Core\Dependencies\DotNetZip\Unity.VisualScripting.IonicZip.dll
Native extension for WindowsStandalone target not found
Refreshing native plugins compatible for Editor in 2.24 ms, found 3 plugins.
Preloading 0 native plugins for Editor in 0.00 ms.
Mono: successfully reloaded assembly
- Completed reload, in  1.801 seconds
Domain Reload Profiling:
	ReloadAssembly (1802ms)
		BeginReloadAssembly (273ms)
			ExecutionOrderSort (0ms)
			DisableScriptedObjects (16ms)
			BackupInstance (0ms)
			ReleaseScriptingObjects (0ms)
			CreateAndSetChildDomain (116ms)
		EndReloadAssembly (1413ms)
			LoadAssemblies (117ms)
			RebuildTransferFunctionScriptingTraits (0ms)
			SetupTypeCache (398ms)
			ReleaseScriptCaches (3ms)
			RebuildScriptCaches (64ms)
			SetupLoadedEditorAssemblies (740ms)
				LogAssemblyErrors (0ms)
				InitializePlatformSupportModulesInManaged (19ms)
				SetLoadedEditorAssemblies (1ms)
				RefreshPlugins (2ms)
				BeforeProcessingInitializeOnLoad (142ms)
				ProcessInitializeOnLoadAttributes (488ms)
				ProcessInitializeOnLoadMethodAttributes (80ms)
				AfterProcessingInitializeOnLoad (7ms)
				EditorAssembliesLoaded (0ms)
			ExecutionOrderSort2 (0ms)
			AwakeInstancesAfterBackupRestoration (8ms)
Platform modules already initialized, skipping
Refreshing native plugins compatible for Editor in 4.08 ms, found 3 plugins.
Preloading 0 native plugins for Editor in 0.00 ms.
Unloading 5522 Unused Serialized files (Serialized files now loaded: 0)
Unloading 30 unused Assets / (0.7 MB). Loaded Objects now: 6146.
Memory consumption went from 216.0 MB to 215.3 MB.
Total: 9.019500 ms (FindLiveObjects: 0.690400 ms CreateObjectMapping: 0.819500 ms MarkObjects: 6.899900 ms  DeleteObjects: 0.607500 ms)

AssetImportParameters requested are different than current active one (requested -> active):
  custom:video-decoder-ogg-theora: a1e56fd34408186e4bbccfd4996cb3dc -> 
  custom:container-muxer-webm: aa71ff27fc2769a1b78a27578f13a17b -> 
  custom:container-demuxer-webm: 4f35f7cbe854078d1ac9338744f61a02 -> 
  custom:video-encoder-webm-vp8: eb34c28f22e8b96e1ab97ce403110664 -> 
  custom:audio-encoder-webm-vorbis: bf7c407c2cedff20999df2af8eb42d56 -> 
  custom:framework-win-MediaFoundation: 216162199b28c13a410421893ffa2e32 -> 
  custom:container-demuxer-ogg: 62fdf1f143b41e24485cea50d1cbac27 -> 
  custom:video-decoder-webm-vp8: 9c59270c3fd7afecdb556c50c9e8de78 -> 
  custom:audio-decoder-ogg-vorbis: bf7c407c2cedff20999df2af8eb42d56 -> 
========================================================================
Received Import Request.
  Time since last request: 5918.838456 seconds.
  path: Assets/LEGO/Models
  artifactKey: Guid(b5e50b502fb38794096c20c8acc37d60) Importer(815301076,1909f56bfc062723c751e8b465ee728b)
Start importing Assets/LEGO/Models using Guid(b5e50b502fb38794096c20c8acc37d60) Importer(815301076,1909f56bfc062723c751e8b465ee728b)  -> (artifact id: 'ca67380b58df8b1788967287e5eb3423') in 0.016774 seconds 
========================================================================
Received Import Request.
  Time since last request: 0.004789 seconds.
  path: Assets/LEGO/Models/Minifig.fbx
  artifactKey: Guid(81c090246952449b7afa82f80664fc4d) Importer(815301076,1909f56bfc062723c751e8b465ee728b)
Start importing Assets/LEGO/Models/Minifig.fbx using Guid(81c090246952449b7afa82f80664fc4d) Importer(815301076,1909f56bfc062723c751e8b465ee728b)  -> (artifact id: '67b6151edc7edc7d358aed55e8a3ba10') in 2.024687 seconds 
========================================================================
Received Import Request.
  Time since last request: 11.459143 seconds.
  path: Assets/LEGO Data
  artifactKey: Guid(cc38fbc7ae3d3f840a4567c3c8cc1762) Importer(815301076,1909f56bfc062723c751e8b465ee728b)
Start importing Assets/LEGO Data using Guid(cc38fbc7ae3d3f840a4567c3c8cc1762) Importer(815301076,1909f56bfc062723c751e8b465ee728b)  -> (artifact id: 'a4eaffaa3682dd86dbbacfbf2e3a86b2') in 0.007182 seconds 
========================================================================
Received Import Request.
  Time since last request: 21.325962 seconds.
  path: Assets/LEGO/Prefabs
  artifactKey: Guid(16d8984a4c9928d4d9f38864e15ff74e) Importer(815301076,1909f56bfc062723c751e8b465ee728b)
Start importing Assets/LEGO/Prefabs using Guid(16d8984a4c9928d4d9f38864e15ff74e) Importer(815301076,1909f56bfc062723c751e8b465ee728b)  -> (artifact id: 'cf3dd6160e03f27ebf2d57b77378bf1b') in 0.013104 seconds 
========================================================================
Received Import Request.
  Time since last request: 0.673728 seconds.
  path: Assets/LEGO/Prefabs/LEGO Projectiles
  artifactKey: Guid(1a64f93804baa46d08d8302a8d5da25e) Importer(815301076,1909f56bfc062723c751e8b465ee728b)
Start importing Assets/LEGO/Prefabs/LEGO Projectiles using Guid(1a64f93804baa46d08d8302a8d5da25e) Importer(815301076,1909f56bfc062723c751e8b465ee728b)  -> (artifact id: '9f6a14569ed668dca38a98b05ed79d93') in 0.008072 seconds 
========================================================================
Received Import Request.
  Time since last request: 3.966343 seconds.
  path: Assets/LEGO/Prefabs/LEGO Minifigs
  artifactKey: Guid(53138950874e0de4e83e2181855df95e) Importer(815301076,1909f56bfc062723c751e8b465ee728b)
Start importing Assets/LEGO/Prefabs/LEGO Minifigs using Guid(53138950874e0de4e83e2181855df95e) Importer(815301076,1909f56bfc062723c751e8b465ee728b)  -> (artifact id: 'ea6e29ab4a3bc5867e8e97f03070ed13') in 0.008785 seconds 
========================================================================
Received Import Request.
  Time since last request: 0.034049 seconds.
  path: Assets/LEGO/Prefabs/LEGO Minifigs/Adventurer.prefab
  artifactKey: Guid(934668409d4904809a1489b29640e933) Importer(815301076,1909f56bfc062723c751e8b465ee728b)
Start importing Assets/LEGO/Prefabs/LEGO Minifigs/Adventurer.prefab using Guid(934668409d4904809a1489b29640e933) Importer(815301076,1909f56bfc062723c751e8b465ee728b)  -> (artifact id: 'ccb4cb38528fede7cce290f1b6813f5c') in 5.848307 seconds 
========================================================================
Received Import Request.
  Time since last request: 0.000072 seconds.
  path: Assets/LEGO/Prefabs/LEGO Minifigs/Pirate.prefab
  artifactKey: Guid(6b29134dff99b4b5c89eceee36fbb95e) Importer(815301076,1909f56bfc062723c751e8b465ee728b)
Start importing Assets/LEGO/Prefabs/LEGO Minifigs/Pirate.prefab using Guid(6b29134dff99b4b5c89eceee36fbb95e) Importer(815301076,1909f56bfc062723c751e8b465ee728b)  -> (artifact id: '3668a35482fcb6daaabc5dcabbb51758') in 0.223620 seconds 
========================================================================
Received Import Request.
  Time since last request: 0.000054 seconds.
  path: Assets/LEGO/Prefabs/LEGO Minifigs/One Button Astronaut.prefab
  artifactKey: Guid(a406d8b47c897e64ab2237997389da83) Importer(815301076,1909f56bfc062723c751e8b465ee728b)
Start importing Assets/LEGO/Prefabs/LEGO Minifigs/One Button Astronaut.prefab using Guid(a406d8b47c897e64ab2237997389da83) Importer(815301076,1909f56bfc062723c751e8b465ee728b)  -> (artifact id: 'b3c714f72507c21d7d7305e25c77a16a') in 0.319765 seconds 
========================================================================
Received Import Request.
  Time since last request: 0.000046 seconds.
  path: Assets/LEGO/Prefabs/LEGO Minifigs/One Button Adventurer.prefab
  artifactKey: Guid(c20b4674481d554449eb8192465c813b) Importer(815301076,1909f56bfc062723c751e8b465ee728b)
Start importing Assets/LEGO/Prefabs/LEGO Minifigs/One Button Adventurer.prefab using Guid(c20b4674481d554449eb8192465c813b) Importer(815301076,1909f56bfc062723c751e8b465ee728b)  -> (artifact id: 'e6c47e6125be7d1ced15d3f7657d5dc3') in 0.233380 seconds 
========================================================================
Received Import Request.
  Time since last request: 1.785678 seconds.
  path: Assets/LEGO/Prefabs/LEGO Models/Brick Collections/Starter Bricks.prefab
  artifactKey: Guid(fd2b330f471624a30ae9c6428f056843) Importer(815301076,1909f56bfc062723c751e8b465ee728b)
Start importing Assets/LEGO/Prefabs/LEGO Models/Brick Collections/Starter Bricks.prefab using Guid(fd2b330f471624a30ae9c6428f056843) Importer(815301076,1909f56bfc062723c751e8b465ee728b)  -> (artifact id: '7f6a27581b73d562a2388fe056b41973') in 2.654318 seconds 
========================================================================
Received Import Request.
  Time since last request: 1263.050774 seconds.
  path: Assets/LEGO/Prefabs/LEGO Models/Contraptions/Button Arrow.prefab
  artifactKey: Guid(784450df57adc46eab121e0afc3951d8) Importer(815301076,1909f56bfc062723c751e8b465ee728b)
Start importing Assets/LEGO/Prefabs/LEGO Models/Contraptions/Button Arrow.prefab using Guid(784450df57adc46eab121e0afc3951d8) Importer(815301076,1909f56bfc062723c751e8b465ee728b)  -> (artifact id: '5f5840b054757fcba06791fdbad2ec13') in 0.080827 seconds 
========================================================================
Received Import Request.
  Time since last request: 0.000033 seconds.
  path: Assets/LEGO/Prefabs/LEGO Models/Contraptions/Console.prefab
  artifactKey: Guid(00485fc7a1a3d4fe2943950849eacd0d) Importer(815301076,1909f56bfc062723c751e8b465ee728b)
Start importing Assets/LEGO/Prefabs/LEGO Models/Contraptions/Console.prefab using Guid(00485fc7a1a3d4fe2943950849eacd0d) Importer(815301076,1909f56bfc062723c751e8b465ee728b)  -> (artifact id: '7a9b7ef497ca58aa5f4ca8845db90e05') in 0.052835 seconds 
========================================================================
Received Import Request.
  Time since last request: 0.000035 seconds.
  path: Assets/LEGO/Prefabs/LEGO Models/Contraptions/Cage.prefab
  artifactKey: Guid(a081f6d2ca2234ce9b6b487e63805de2) Importer(815301076,1909f56bfc062723c751e8b465ee728b)
Start importing Assets/LEGO/Prefabs/LEGO Models/Contraptions/Cage.prefab using Guid(a081f6d2ca2234ce9b6b487e63805de2) Importer(815301076,1909f56bfc062723c751e8b465ee728b)  -> (artifact id: '561e665286fe0ffaf047e0204f1e1a47') in 0.237998 seconds 
========================================================================
Received Import Request.
  Time since last request: 0.000060 seconds.
  path: Assets/LEGO/Prefabs/LEGO Models/Contraptions/Jukebox.prefab
  artifactKey: Guid(b0a3ca1d22253443c9c359be6add26eb) Importer(815301076,1909f56bfc062723c751e8b465ee728b)
Start importing Assets/LEGO/Prefabs/LEGO Models/Contraptions/Jukebox.prefab using Guid(b0a3ca1d22253443c9c359be6add26eb) Importer(815301076,1909f56bfc062723c751e8b465ee728b)  -> (artifact id: '283878808149f04d453742cd705a4186') in 0.128007 seconds 
========================================================================
Received Import Request.
  Time since last request: 0.000045 seconds.
  path: Assets/LEGO/Prefabs/LEGO Models/Contraptions/Treasure Chest.prefab
  artifactKey: Guid(90fcab019a59446f9831ce5eb05000d9) Importer(815301076,1909f56bfc062723c751e8b465ee728b)
Start importing Assets/LEGO/Prefabs/LEGO Models/Contraptions/Treasure Chest.prefab using Guid(90fcab019a59446f9831ce5eb05000d9) Importer(815301076,1909f56bfc062723c751e8b465ee728b)  -> (artifact id: 'd7d5b727174a400f0e148ec1573739fe') in 0.190214 seconds 
========================================================================
Received Import Request.
  Time since last request: 29.439971 seconds.
  path: Assets/LEGO/Prefabs/LEGO Models/Environment/Boulder Small.prefab
  artifactKey: Guid(e3731e78348cf4a2fbf6cfdaf610c9b2) Importer(815301076,1909f56bfc062723c751e8b465ee728b)
Start importing Assets/LEGO/Prefabs/LEGO Models/Environment/Boulder Small.prefab using Guid(e3731e78348cf4a2fbf6cfdaf610c9b2) Importer(815301076,1909f56bfc062723c751e8b465ee728b)  -> (artifact id: 'f926736e97d40c40b31dbcdf8218a6e7') in 0.049671 seconds 
========================================================================
Received Import Request.
  Time since last request: 0.000040 seconds.
  path: Assets/LEGO/Prefabs/LEGO Models/Environment/Rock Small.prefab
  artifactKey: Guid(9b5ef99c3ad5c114abfaf82db1fc8e7e) Importer(815301076,1909f56bfc062723c751e8b465ee728b)
Start importing Assets/LEGO/Prefabs/LEGO Models/Environment/Rock Small.prefab using Guid(9b5ef99c3ad5c114abfaf82db1fc8e7e) Importer(815301076,1909f56bfc062723c751e8b465ee728b)  -> (artifact id: '223c52812f2f2433450e9a2f88d5007c') in 0.045747 seconds 
========================================================================
Received Import Request.
  Time since last request: 0.000046 seconds.
  path: Assets/LEGO/Prefabs/LEGO Models/Environment/Rubble.prefab
  artifactKey: Guid(311b13514547deb48ab4970730902151) Importer(815301076,1909f56bfc062723c751e8b465ee728b)
Start importing Assets/LEGO/Prefabs/LEGO Models/Environment/Rubble.prefab using Guid(311b13514547deb48ab4970730902151) Importer(815301076,1909f56bfc062723c751e8b465ee728b)  -> (artifact id: 'df476185701569b123ac0ecc09302d22') in 0.048732 seconds 
========================================================================
Received Import Request.
  Time since last request: 0.000030 seconds.
  path: Assets/LEGO/Prefabs/LEGO Models/Environment/Rock Medium.prefab
  artifactKey: Guid(05a71a24f04df6b4c8916c721b9e96cd) Importer(815301076,1909f56bfc062723c751e8b465ee728b)
Start importing Assets/LEGO/Prefabs/LEGO Models/Environment/Rock Medium.prefab using Guid(05a71a24f04df6b4c8916c721b9e96cd) Importer(815301076,1909f56bfc062723c751e8b465ee728b)  -> (artifact id: '2681d055c2ee0924f0351e5c29312028') in 0.052494 seconds 
========================================================================
Received Import Request.
  Time since last request: 4.278738 seconds.
  path: Assets/LEGO/Prefabs/LEGO Models/Buildings/Temple.prefab
  artifactKey: Guid(6f58d2fd99f634648880f0df7a97dc3e) Importer(815301076,1909f56bfc062723c751e8b465ee728b)
Start importing Assets/LEGO/Prefabs/LEGO Models/Buildings/Temple.prefab using Guid(6f58d2fd99f634648880f0df7a97dc3e) Importer(815301076,1909f56bfc062723c751e8b465ee728b)  -> (artifact id: '63bd15a52b236b31b6bf2fb524ba2068') in 0.194849 seconds 
========================================================================
Received Prepare
Registering precompiled user dll's ...
Registered in 0.011700 seconds.
Begin MonoManager ReloadAssembly
Symbol file LoadedFromMemory doesn't match image C:\Users\UserK\Desktop\repos\lego-game\lego\Library\PackageCache\com.unity.visualscripting@1.7.8\Editor\VisualScripting.Core\Dependencies\YamlDotNet\Unity.VisualScripting.YamlDotNet.dll
Symbol file LoadedFromMemory doesn't match image C:\Users\UserK\Desktop\repos\lego-game\lego\Library\PackageCache\com.unity.visualscripting@1.7.8\Editor\VisualScripting.Core\Dependencies\DotNetZip\Unity.VisualScripting.IonicZip.dll
Native extension for WindowsStandalone target not found
Refreshing native plugins compatible for Editor in 2.31 ms, found 3 plugins.
Preloading 0 native plugins for Editor in 0.00 ms.
Mono: successfully reloaded assembly
- Completed reload, in  1.754 seconds
Domain Reload Profiling:
	ReloadAssembly (1755ms)
		BeginReloadAssembly (256ms)
			ExecutionOrderSort (0ms)
			DisableScriptedObjects (11ms)
			BackupInstance (0ms)
			ReleaseScriptingObjects (0ms)
			CreateAndSetChildDomain (133ms)
		EndReloadAssembly (1390ms)
			LoadAssemblies (103ms)
			RebuildTransferFunctionScriptingTraits (0ms)
			SetupTypeCache (449ms)
			ReleaseScriptCaches (3ms)
			RebuildScriptCaches (74ms)
			SetupLoadedEditorAssemblies (681ms)
				LogAssemblyErrors (0ms)
				InitializePlatformSupportModulesInManaged (14ms)
				SetLoadedEditorAssemblies (1ms)
				RefreshPlugins (2ms)
				BeforeProcessingInitializeOnLoad (117ms)
				ProcessInitializeOnLoadAttributes (442ms)
				ProcessInitializeOnLoadMethodAttributes (93ms)
				AfterProcessingInitializeOnLoad (11ms)
				EditorAssembliesLoaded (1ms)
			ExecutionOrderSort2 (0ms)
			AwakeInstancesAfterBackupRestoration (13ms)
Platform modules already initialized, skipping
Refreshing native plugins compatible for Editor in 2.60 ms, found 3 plugins.
Preloading 0 native plugins for Editor in 0.00 ms.
Unloading 5529 Unused Serialized files (Serialized files now loaded: 0)
Unloading 31 unused Assets / (0.7 MB). Loaded Objects now: 6251.
Memory consumption went from 227.6 MB to 226.9 MB.
Total: 5.324100 ms (FindLiveObjects: 0.598000 ms CreateObjectMapping: 0.158600 ms MarkObjects: 3.934100 ms  DeleteObjects: 0.630900 ms)

AssetImportParameters requested are different than current active one (requested -> active):
  custom:video-decoder-ogg-theora: a1e56fd34408186e4bbccfd4996cb3dc -> 
  custom:container-muxer-webm: aa71ff27fc2769a1b78a27578f13a17b -> 
  custom:container-demuxer-webm: 4f35f7cbe854078d1ac9338744f61a02 -> 
  custom:video-encoder-webm-vp8: eb34c28f22e8b96e1ab97ce403110664 -> 
  custom:audio-encoder-webm-vorbis: bf7c407c2cedff20999df2af8eb42d56 -> 
  custom:framework-win-MediaFoundation: 216162199b28c13a410421893ffa2e32 -> 
  custom:container-demuxer-ogg: 62fdf1f143b41e24485cea50d1cbac27 -> 
  custom:video-decoder-webm-vp8: 9c59270c3fd7afecdb556c50c9e8de78 -> 
  custom:audio-decoder-ogg-vorbis: bf7c407c2cedff20999df2af8eb42d56 -> 
========================================================================
Received Prepare
Registering precompiled user dll's ...
Registered in 0.009987 seconds.
Begin MonoManager ReloadAssembly
Symbol file LoadedFromMemory doesn't match image C:\Users\UserK\Desktop\repos\lego-game\lego\Library\PackageCache\com.unity.visualscripting@1.7.8\Editor\VisualScripting.Core\Dependencies\YamlDotNet\Unity.VisualScripting.YamlDotNet.dll
Symbol file LoadedFromMemory doesn't match image C:\Users\UserK\Desktop\repos\lego-game\lego\Library\PackageCache\com.unity.visualscripting@1.7.8\Editor\VisualScripting.Core\Dependencies\DotNetZip\Unity.VisualScripting.IonicZip.dll
Native extension for WindowsStandalone target not found
Refreshing native plugins compatible for Editor in 1.34 ms, found 3 plugins.
Preloading 0 native plugins for Editor in 0.00 ms.
Mono: successfully reloaded assembly
- Completed reload, in  1.535 seconds
Domain Reload Profiling:
	ReloadAssembly (1535ms)
		BeginReloadAssembly (142ms)
			ExecutionOrderSort (0ms)
			DisableScriptedObjects (5ms)
			BackupInstance (0ms)
			ReleaseScriptingObjects (0ms)
			CreateAndSetChildDomain (48ms)
		EndReloadAssembly (1285ms)
			LoadAssemblies (89ms)
			RebuildTransferFunctionScriptingTraits (0ms)
			SetupTypeCache (333ms)
			ReleaseScriptCaches (3ms)
			RebuildScriptCaches (68ms)
			SetupLoadedEditorAssemblies (701ms)
				LogAssemblyErrors (0ms)
				InitializePlatformSupportModulesInManaged (12ms)
				SetLoadedEditorAssemblies (0ms)
				RefreshPlugins (1ms)
				BeforeProcessingInitializeOnLoad (112ms)
				ProcessInitializeOnLoadAttributes (480ms)
				ProcessInitializeOnLoadMethodAttributes (87ms)
				AfterProcessingInitializeOnLoad (8ms)
				EditorAssembliesLoaded (0ms)
			ExecutionOrderSort2 (0ms)
			AwakeInstancesAfterBackupRestoration (14ms)
Platform modules already initialized, skipping
Refreshing native plugins compatible for Editor in 2.59 ms, found 3 plugins.
Preloading 0 native plugins for Editor in 0.00 ms.
Unloading 5530 Unused Serialized files (Serialized files now loaded: 0)
Unloading 30 unused Assets / (0.8 MB). Loaded Objects now: 6266.
Memory consumption went from 227.7 MB to 226.9 MB.
Total: 4.437000 ms (FindLiveObjects: 0.530600 ms CreateObjectMapping: 0.165700 ms MarkObjects: 3.367400 ms  DeleteObjects: 0.372100 ms)

AssetImportParameters requested are different than current active one (requested -> active):
  custom:video-decoder-ogg-theora: a1e56fd34408186e4bbccfd4996cb3dc -> 
  custom:container-muxer-webm: aa71ff27fc2769a1b78a27578f13a17b -> 
  custom:container-demuxer-webm: 4f35f7cbe854078d1ac9338744f61a02 -> 
  custom:video-encoder-webm-vp8: eb34c28f22e8b96e1ab97ce403110664 -> 
  custom:audio-encoder-webm-vorbis: bf7c407c2cedff20999df2af8eb42d56 -> 
  custom:framework-win-MediaFoundation: 216162199b28c13a410421893ffa2e32 -> 
  custom:container-demuxer-ogg: 62fdf1f143b41e24485cea50d1cbac27 -> 
  custom:video-decoder-webm-vp8: 9c59270c3fd7afecdb556c50c9e8de78 -> 
  custom:audio-decoder-ogg-vorbis: bf7c407c2cedff20999df2af8eb42d56 -> 
========================================================================
Received Prepare
Registering precompiled user dll's ...
Registered in 0.009534 seconds.
Begin MonoManager ReloadAssembly
Symbol file LoadedFromMemory doesn't match image C:\Users\UserK\Desktop\repos\lego-game\lego\Library\PackageCache\com.unity.visualscripting@1.7.8\Editor\VisualScripting.Core\Dependencies\YamlDotNet\Unity.VisualScripting.YamlDotNet.dll
Symbol file LoadedFromMemory doesn't match image C:\Users\UserK\Desktop\repos\lego-game\lego\Library\PackageCache\com.unity.visualscripting@1.7.8\Editor\VisualScripting.Core\Dependencies\DotNetZip\Unity.VisualScripting.IonicZip.dll
Native extension for WindowsStandalone target not found
Refreshing native plugins compatible for Editor in 1.95 ms, found 3 plugins.
Preloading 0 native plugins for Editor in 0.00 ms.
Mono: successfully reloaded assembly
- Completed reload, in  1.550 seconds
Domain Reload Profiling:
	ReloadAssembly (1551ms)
		BeginReloadAssembly (151ms)
			ExecutionOrderSort (0ms)
			DisableScriptedObjects (4ms)
			BackupInstance (0ms)
			ReleaseScriptingObjects (0ms)
			CreateAndSetChildDomain (50ms)
		EndReloadAssembly (1282ms)
			LoadAssemblies (98ms)
			RebuildTransferFunctionScriptingTraits (0ms)
			SetupTypeCache (347ms)
			ReleaseScriptCaches (2ms)
			RebuildScriptCaches (64ms)
			SetupLoadedEditorAssemblies (668ms)
				LogAssemblyErrors (0ms)
				InitializePlatformSupportModulesInManaged (18ms)
				SetLoadedEditorAssemblies (1ms)
				RefreshPlugins (2ms)
				BeforeProcessingInitializeOnLoad (121ms)
				ProcessInitializeOnLoadAttributes (444ms)
				ProcessInitializeOnLoadMethodAttributes (75ms)
				AfterProcessingInitializeOnLoad (8ms)
				EditorAssembliesLoaded (0ms)
			ExecutionOrderSort2 (0ms)
			AwakeInstancesAfterBackupRestoration (12ms)
Platform modules already initialized, skipping
Refreshing native plugins compatible for Editor in 3.25 ms, found 3 plugins.
Preloading 0 native plugins for Editor in 0.00 ms.
Unloading 5530 Unused Serialized files (Serialized files now loaded: 0)
Unloading 30 unused Assets / (0.8 MB). Loaded Objects now: 6281.
Memory consumption went from 227.5 MB to 226.8 MB.
Total: 5.037600 ms (FindLiveObjects: 0.522100 ms CreateObjectMapping: 0.148400 ms MarkObjects: 4.005900 ms  DeleteObjects: 0.359600 ms)

AssetImportParameters requested are different than current active one (requested -> active):
  custom:video-decoder-ogg-theora: a1e56fd34408186e4bbccfd4996cb3dc -> 
  custom:container-muxer-webm: aa71ff27fc2769a1b78a27578f13a17b -> 
  custom:container-demuxer-webm: 4f35f7cbe854078d1ac9338744f61a02 -> 
  custom:video-encoder-webm-vp8: eb34c28f22e8b96e1ab97ce403110664 -> 
  custom:audio-encoder-webm-vorbis: bf7c407c2cedff20999df2af8eb42d56 -> 
  custom:framework-win-MediaFoundation: 216162199b28c13a410421893ffa2e32 -> 
  custom:container-demuxer-ogg: 62fdf1f143b41e24485cea50d1cbac27 -> 
  custom:video-decoder-webm-vp8: 9c59270c3fd7afecdb556c50c9e8de78 -> 
  custom:audio-decoder-ogg-vorbis: bf7c407c2cedff20999df2af8eb42d56 -> 
========================================================================
Received Prepare
Registering precompiled user dll's ...
Registered in 0.010916 seconds.
Begin MonoManager ReloadAssembly
Symbol file LoadedFromMemory doesn't match image C:\Users\UserK\Desktop\repos\lego-game\lego\Library\PackageCache\com.unity.visualscripting@1.7.8\Editor\VisualScripting.Core\Dependencies\YamlDotNet\Unity.VisualScripting.YamlDotNet.dll
Symbol file LoadedFromMemory doesn't match image C:\Users\UserK\Desktop\repos\lego-game\lego\Library\PackageCache\com.unity.visualscripting@1.7.8\Editor\VisualScripting.Core\Dependencies\DotNetZip\Unity.VisualScripting.IonicZip.dll
Native extension for WindowsStandalone target not found
Refreshing native plugins compatible for Editor in 1.81 ms, found 3 plugins.
Preloading 0 native plugins for Editor in 0.00 ms.
Mono: successfully reloaded assembly
- Completed reload, in  1.451 seconds
Domain Reload Profiling:
	ReloadAssembly (1452ms)
		BeginReloadAssembly (144ms)
			ExecutionOrderSort (0ms)
			DisableScriptedObjects (4ms)
			BackupInstance (0ms)
			ReleaseScriptingObjects (0ms)
			CreateAndSetChildDomain (45ms)
		EndReloadAssembly (1201ms)
			LoadAssemblies (103ms)
			RebuildTransferFunctionScriptingTraits (0ms)
			SetupTypeCache (339ms)
			ReleaseScriptCaches (2ms)
			RebuildScriptCaches (59ms)
			SetupLoadedEditorAssemblies (629ms)
				LogAssemblyErrors (0ms)
				InitializePlatformSupportModulesInManaged (12ms)
				SetLoadedEditorAssemblies (1ms)
				RefreshPlugins (2ms)
				BeforeProcessingInitializeOnLoad (120ms)
				ProcessInitializeOnLoadAttributes (413ms)
				ProcessInitializeOnLoadMethodAttributes (73ms)
				AfterProcessingInitializeOnLoad (8ms)
				EditorAssembliesLoaded (0ms)
			ExecutionOrderSort2 (0ms)
			AwakeInstancesAfterBackupRestoration (11ms)
Platform modules already initialized, skipping
Refreshing native plugins compatible for Editor in 2.80 ms, found 3 plugins.
Preloading 0 native plugins for Editor in 0.00 ms.
Unloading 5530 Unused Serialized files (Serialized files now loaded: 0)
Unloading 30 unused Assets / (0.8 MB). Loaded Objects now: 6296.
Memory consumption went from 227.5 MB to 226.8 MB.
Total: 5.448600 ms (FindLiveObjects: 0.844400 ms CreateObjectMapping: 0.239000 ms MarkObjects: 3.963900 ms  DeleteObjects: 0.398200 ms)

AssetImportParameters requested are different than current active one (requested -> active):
  custom:video-decoder-ogg-theora: a1e56fd34408186e4bbccfd4996cb3dc -> 
  custom:container-muxer-webm: aa71ff27fc2769a1b78a27578f13a17b -> 
  custom:container-demuxer-webm: 4f35f7cbe854078d1ac9338744f61a02 -> 
  custom:video-encoder-webm-vp8: eb34c28f22e8b96e1ab97ce403110664 -> 
  custom:audio-encoder-webm-vorbis: bf7c407c2cedff20999df2af8eb42d56 -> 
  custom:framework-win-MediaFoundation: 216162199b28c13a410421893ffa2e32 -> 
  custom:container-demuxer-ogg: 62fdf1f143b41e24485cea50d1cbac27 -> 
  custom:video-decoder-webm-vp8: 9c59270c3fd7afecdb556c50c9e8de78 -> 
  custom:audio-decoder-ogg-vorbis: bf7c407c2cedff20999df2af8eb42d56 -> 
========================================================================
Received Import Request.
  Time since last request: 2555.273057 seconds.
  path: Assets/LEGO/Prefabs/Effects/Skull.prefab
  artifactKey: Guid(173b64c55a438417294f0118f8fc367b) Importer(815301076,1909f56bfc062723c751e8b465ee728b)
Start importing Assets/LEGO/Prefabs/Effects/Skull.prefab using Guid(173b64c55a438417294f0118f8fc367b) Importer(815301076,1909f56bfc062723c751e8b465ee728b)  -> (artifact id: '0a0bf8e52caf52fdade978b24fef6b0d') in 0.403126 seconds 
========================================================================
Received Import Request.
  Time since last request: 69.035521 seconds.
  path: Assets/LEGO/Gizmos/LEGO Behaviour Icons/Audio Action.png
  artifactKey: Guid(b1f0f14707a0e4a589c9a546da887dae) Importer(815301076,1909f56bfc062723c751e8b465ee728b)
Start importing Assets/LEGO/Gizmos/LEGO Behaviour Icons/Audio Action.png using Guid(b1f0f14707a0e4a589c9a546da887dae) Importer(815301076,1909f56bfc062723c751e8b465ee728b)  -> (artifact id: 'd1b5f69308ae91a10a1aaa19fb0183a9') in 0.047609 seconds 
========================================================================
Received Import Request.
  Time since last request: 0.000047 seconds.
  path: Assets/LEGO/Gizmos/LEGO Behaviour Icons/Default.png
  artifactKey: Guid(36d760fb56b63412386da81d330e2f36) Importer(815301076,1909f56bfc062723c751e8b465ee728b)
Start importing Assets/LEGO/Gizmos/LEGO Behaviour Icons/Default.png using Guid(36d760fb56b63412386da81d330e2f36) Importer(815301076,1909f56bfc062723c751e8b465ee728b)  -> (artifact id: 'd4ce0f9d990bda5502e569c468c2d64a') in 0.016502 seconds 
========================================================================
Received Import Request.
  Time since last request: 0.000053 seconds.
  path: Assets/LEGO/Gizmos/LEGO Behaviour Icons/Elevator Action.png
  artifactKey: Guid(62396c4e8773645d5bc8da9ff7d56efc) Importer(815301076,1909f56bfc062723c751e8b465ee728b)
Start importing Assets/LEGO/Gizmos/LEGO Behaviour Icons/Elevator Action.png using Guid(62396c4e8773645d5bc8da9ff7d56efc) Importer(815301076,1909f56bfc062723c751e8b465ee728b)  -> (artifact id: 'da6b7de217cda0c5f1c051a50de82f64') in 0.018845 seconds 
========================================================================
Received Import Request.
  Time since last request: 0.000045 seconds.
  path: Assets/LEGO/Gizmos/LEGO Behaviour Icons/Move Action.png
  artifactKey: Guid(b683a97485eb04141b067240d69d0cf9) Importer(815301076,1909f56bfc062723c751e8b465ee728b)
Start importing Assets/LEGO/Gizmos/LEGO Behaviour Icons/Move Action.png using Guid(b683a97485eb04141b067240d69d0cf9) Importer(815301076,1909f56bfc062723c751e8b465ee728b)  -> (artifact id: 'ea5b06123fa80f21bcb7dbd4f70ef335') in 0.025171 seconds 
========================================================================
Received Import Request.
  Time since last request: 0.000032 seconds.
  path: Assets/LEGO/Gizmos/LEGO Behaviour Icons/Nearby Trigger.png
  artifactKey: Guid(c47fb5094138c4ac4bee4be9c0fc3f10) Importer(815301076,1909f56bfc062723c751e8b465ee728b)
Start importing Assets/LEGO/Gizmos/LEGO Behaviour Icons/Nearby Trigger.png using Guid(c47fb5094138c4ac4bee4be9c0fc3f10) Importer(815301076,1909f56bfc062723c751e8b465ee728b)  -> (artifact id: 'fd6583156b456d195b18d8bd1da0959e') in 0.022407 seconds 
========================================================================
Received Import Request.
  Time since last request: 0.000030 seconds.
  path: Assets/LEGO/Gizmos/LEGO Behaviour Icons/Shoot Action.png
  artifactKey: Guid(1c645d5f90921411d971bb4a88fb0f55) Importer(815301076,1909f56bfc062723c751e8b465ee728b)
Start importing Assets/LEGO/Gizmos/LEGO Behaviour Icons/Shoot Action.png using Guid(1c645d5f90921411d971bb4a88fb0f55) Importer(815301076,1909f56bfc062723c751e8b465ee728b)  -> (artifact id: '3515102cef7cf882d21f33a4db6fe95c') in 0.016934 seconds 
========================================================================
Received Import Request.
  Time since last request: 0.000041 seconds.
  path: Assets/LEGO/Gizmos/LEGO Behaviour Icons/Timer Trigger.png
  artifactKey: Guid(39bb6c2190ef044e88f2fc3255ac9b9b) Importer(815301076,1909f56bfc062723c751e8b465ee728b)
Start importing Assets/LEGO/Gizmos/LEGO Behaviour Icons/Timer Trigger.png using Guid(39bb6c2190ef044e88f2fc3255ac9b9b) Importer(815301076,1909f56bfc062723c751e8b465ee728b)  -> (artifact id: 'cc349d88160a98d039826444ec219d69') in 0.188992 seconds 
========================================================================
Received Import Request.
  Time since last request: 0.000047 seconds.
  path: Assets/LEGO/Gizmos/LEGO Behaviour Icons/Look At Action.png
  artifactKey: Guid(02c6d1e70d8254effa463aa61e196558) Importer(815301076,1909f56bfc062723c751e8b465ee728b)
Start importing Assets/LEGO/Gizmos/LEGO Behaviour Icons/Look At Action.png using Guid(02c6d1e70d8254effa463aa61e196558) Importer(815301076,1909f56bfc062723c751e8b465ee728b)  -> (artifact id: 'd84cc82c657cdb5eb6d5681edb6304eb') in 0.098830 seconds 
========================================================================
Received Import Request.
  Time since last request: 0.000054 seconds.
  path: Assets/LEGO/Gizmos/LEGO Behaviour Icons/Counter Trigger.png
  artifactKey: Guid(4b7ee8362baf045c2ae479b6f23ef520) Importer(815301076,1909f56bfc062723c751e8b465ee728b)
Start importing Assets/LEGO/Gizmos/LEGO Behaviour Icons/Counter Trigger.png using Guid(4b7ee8362baf045c2ae479b6f23ef520) Importer(815301076,1909f56bfc062723c751e8b465ee728b)  -> (artifact id: 'cd243f5fa3fb67571a3a3e061b755b6c') in 0.043144 seconds 
========================================================================
Received Import Request.
  Time since last request: 0.000040 seconds.
  path: Assets/LEGO/Gizmos/LEGO Behaviour Icons/Win Action.png
  artifactKey: Guid(3c4f42cc4cfce402f9a49f0a860003a3) Importer(815301076,1909f56bfc062723c751e8b465ee728b)
Start importing Assets/LEGO/Gizmos/LEGO Behaviour Icons/Win Action.png using Guid(3c4f42cc4cfce402f9a49f0a860003a3) Importer(815301076,1909f56bfc062723c751e8b465ee728b)  -> (artifact id: 'e99d5a58b58b648ae8680c507837ed32') in 0.027788 seconds 
========================================================================
Received Import Request.
  Time since last request: 0.000025 seconds.
  path: Assets/LEGO/Gizmos/LEGO Behaviour Icons/Spawn Action.png
  artifactKey: Guid(6a1d74b44575444df85c60a8813fc0d1) Importer(815301076,1909f56bfc062723c751e8b465ee728b)
Start importing Assets/LEGO/Gizmos/LEGO Behaviour Icons/Spawn Action.png using Guid(6a1d74b44575444df85c60a8813fc0d1) Importer(815301076,1909f56bfc062723c751e8b465ee728b)  -> (artifact id: '236ed050ac8ec13bf326ffcbbdb68009') in 0.023785 seconds 
========================================================================
Received Import Request.
  Time since last request: 0.000031 seconds.
  path: Assets/LEGO/Gizmos/LEGO Behaviour Icons/Hazard Action.png
  artifactKey: Guid(89d1febd828a94b0f8c8dc5872748df8) Importer(815301076,1909f56bfc062723c751e8b465ee728b)
Start importing Assets/LEGO/Gizmos/LEGO Behaviour Icons/Hazard Action.png using Guid(89d1febd828a94b0f8c8dc5872748df8) Importer(815301076,1909f56bfc062723c751e8b465ee728b)  -> (artifact id: '3592431124f0e5852f57a72bcb6e8a46') in 0.018362 seconds 
========================================================================
Received Import Request.
  Time since last request: 0.000030 seconds.
  path: Assets/LEGO/Gizmos/LEGO Behaviour Icons/Control Action.png
  artifactKey: Guid(47f3c44e595084a81b44a0e3463095aa) Importer(815301076,1909f56bfc062723c751e8b465ee728b)
Start importing Assets/LEGO/Gizmos/LEGO Behaviour Icons/Control Action.png using Guid(47f3c44e595084a81b44a0e3463095aa) Importer(815301076,1909f56bfc062723c751e8b465ee728b)  -> (artifact id: '2b2aec83b8a97123c1fd185ce9da3f68') in 0.020514 seconds 
========================================================================
Received Import Request.
  Time since last request: 0.000063 seconds.
  path: Assets/LEGO/Gizmos/LEGO Behaviour Icons/Rotate Action.png
  artifactKey: Guid(a92f4d81580364ddfbd60a09de9996bb) Importer(815301076,1909f56bfc062723c751e8b465ee728b)
Start importing Assets/LEGO/Gizmos/LEGO Behaviour Icons/Rotate Action.png using Guid(a92f4d81580364ddfbd60a09de9996bb) Importer(815301076,1909f56bfc062723c751e8b465ee728b)  -> (artifact id: '86f91a5a77f9de21d00dd1d893a3efc5') in 0.022953 seconds 
========================================================================
Received Import Request.
  Time since last request: 0.000053 seconds.
  path: Assets/LEGO/Gizmos/LEGO Behaviour Icons/Pickup Trigger.png
  artifactKey: Guid(35c263f77f91945948773e03715afaaa) Importer(815301076,1909f56bfc062723c751e8b465ee728b)
Start importing Assets/LEGO/Gizmos/LEGO Behaviour Icons/Pickup Trigger.png using Guid(35c263f77f91945948773e03715afaaa) Importer(815301076,1909f56bfc062723c751e8b465ee728b)  -> (artifact id: '16ee16738ab9050277962ba2119dff40') in 0.020621 seconds 
========================================================================
Received Import Request.
  Time since last request: 8.427464 seconds.
  path: Assets/LEGO/Scriptable Objects/mounted.asset
  artifactKey: Guid(7dc8617f8b09c5a429818dbae8ba7b69) Importer(815301076,1909f56bfc062723c751e8b465ee728b)
Start importing Assets/LEGO/Scriptable Objects/mounted.asset using Guid(7dc8617f8b09c5a429818dbae8ba7b69) Importer(815301076,1909f56bfc062723c751e8b465ee728b)  -> (artifact id: '93b2608bc815a76a8ce1ba020c0904d5') in 0.052497 seconds 
========================================================================
Received Import Request.
  Time since last request: 0.000040 seconds.
  path: Assets/LEGO/Scriptable Objects/Score.asset
  artifactKey: Guid(9261f9ea2e9216c46ad193ed9d1a494b) Importer(815301076,1909f56bfc062723c751e8b465ee728b)
Start importing Assets/LEGO/Scriptable Objects/Score.asset using Guid(9261f9ea2e9216c46ad193ed9d1a494b) Importer(815301076,1909f56bfc062723c751e8b465ee728b)  -> (artifact id: '614a23b49f298a50538028c4aed38c95') in 0.024693 seconds 
========================================================================
Received Import Request.
  Time since last request: 11.765297 seconds.
  path: Assets/LEGO/Prefabs/LEGO Projectiles/Cannonball.prefab
  artifactKey: Guid(3af4bfec8b7f648799fc51246a995e02) Importer(815301076,1909f56bfc062723c751e8b465ee728b)
Start importing Assets/LEGO/Prefabs/LEGO Projectiles/Cannonball.prefab using Guid(3af4bfec8b7f648799fc51246a995e02) Importer(815301076,1909f56bfc062723c751e8b465ee728b)  -> (artifact id: 'd3f57522e52a41cf208b2f26fba446e5') in 0.261001 seconds 
========================================================================
Received Import Request.
  Time since last request: 5.055897 seconds.
  path: Assets/LEGO/Prefabs/LEGO Models/Plants/Berries.prefab
  artifactKey: Guid(99e5b0c76ad47db429d93097d87d82e5) Importer(815301076,1909f56bfc062723c751e8b465ee728b)
Start importing Assets/LEGO/Prefabs/LEGO Models/Plants/Berries.prefab using Guid(99e5b0c76ad47db429d93097d87d82e5) Importer(815301076,1909f56bfc062723c751e8b465ee728b)  -> (artifact id: 'd18474e00b3b740c590d3d48e05035d2') in 0.056516 seconds 
========================================================================
Received Import Request.
  Time since last request: 0.000044 seconds.
  path: Assets/LEGO/Prefabs/LEGO Models/Plants/Palm.prefab
  artifactKey: Guid(c111561bb9ed29845910ea93b36ddd04) Importer(815301076,1909f56bfc062723c751e8b465ee728b)
Start importing Assets/LEGO/Prefabs/LEGO Models/Plants/Palm.prefab using Guid(c111561bb9ed29845910ea93b36ddd04) Importer(815301076,1909f56bfc062723c751e8b465ee728b)  -> (artifact id: '99173115013d2eac3cc41f89bc636b44') in 0.065727 seconds 
========================================================================
Received Import Request.
  Time since last request: 3.015609 seconds.
  path: Assets/LEGO/Prefabs/LEGO Models/Characters/Brewer.prefab
  artifactKey: Guid(04d2e5b05d07643b7aff83683668e6e8) Importer(815301076,1909f56bfc062723c751e8b465ee728b)
Start importing Assets/LEGO/Prefabs/LEGO Models/Characters/Brewer.prefab using Guid(04d2e5b05d07643b7aff83683668e6e8) Importer(815301076,1909f56bfc062723c751e8b465ee728b)  -> (artifact id: '8b55424915ab64d9a23934446bef80f5') in 0.084765 seconds 
========================================================================
Received Import Request.
  Time since last request: 0.000034 seconds.
  path: Assets/LEGO/Prefabs/LEGO Models/Characters/Pirate.prefab
  artifactKey: Guid(b2cbcbfe568fd4abdab1576c36c09c16) Importer(815301076,1909f56bfc062723c751e8b465ee728b)
Start importing Assets/LEGO/Prefabs/LEGO Models/Characters/Pirate.prefab using Guid(b2cbcbfe568fd4abdab1576c36c09c16) Importer(815301076,1909f56bfc062723c751e8b465ee728b)  -> (artifact id: 'a74f6b732c6324f75e6fe9eb52087372') in 0.073091 seconds 
========================================================================
Received Import Request.
  Time since last request: 0.000044 seconds.
  path: Assets/LEGO/Prefabs/LEGO Models/Characters/Gnome.prefab
  artifactKey: Guid(e6772116bbcc7cc4d99f0f86f915d7b6) Importer(815301076,1909f56bfc062723c751e8b465ee728b)
Start importing Assets/LEGO/Prefabs/LEGO Models/Characters/Gnome.prefab using Guid(e6772116bbcc7cc4d99f0f86f915d7b6) Importer(815301076,1909f56bfc062723c751e8b465ee728b)  -> (artifact id: '0fa561f6e7c7d775334d7929c75d8b4a') in 0.067630 seconds 
========================================================================
Received Import Request.
  Time since last request: 0.000042 seconds.
  path: Assets/LEGO/Prefabs/LEGO Models/Characters/Mogosaur.prefab
  artifactKey: Guid(c5a354bab27bb3e4eb8dcf9888b9d202) Importer(815301076,1909f56bfc062723c751e8b465ee728b)
Start importing Assets/LEGO/Prefabs/LEGO Models/Characters/Mogosaur.prefab using Guid(c5a354bab27bb3e4eb8dcf9888b9d202) Importer(815301076,1909f56bfc062723c751e8b465ee728b)  -> (artifact id: '532fb34b17ad13d648be07032ca3a751') in 0.090804 seconds 
========================================================================
Received Import Request.
  Time since last request: 0.000037 seconds.
  path: Assets/LEGO/Prefabs/LEGO Models/Characters/Golem.prefab
  artifactKey: Guid(e9a8254f33877477c91a2eb9da7d3049) Importer(815301076,1909f56bfc062723c751e8b465ee728b)
Start importing Assets/LEGO/Prefabs/LEGO Models/Characters/Golem.prefab using Guid(e9a8254f33877477c91a2eb9da7d3049) Importer(815301076,1909f56bfc062723c751e8b465ee728b)  -> (artifact id: '16f867e07cc0ad729563b6f55bc8998e') in 0.146124 seconds 
========================================================================
Received Import Request.
  Time since last request: 22.012180 seconds.
  path: Assets/LEGO/Prefabs/Camera/ThirdPersonFreeLookCamera.prefab
  artifactKey: Guid(7760cce19732e194e9bf2b10175a5eee) Importer(815301076,1909f56bfc062723c751e8b465ee728b)
Start importing Assets/LEGO/Prefabs/Camera/ThirdPersonFreeLookCamera.prefab using Guid(7760cce19732e194e9bf2b10175a5eee) Importer(815301076,1909f56bfc062723c751e8b465ee728b)  -> (artifact id: 'f9b42a35b0a0c0b18e58d7a7decca276') in 0.020189 seconds 
========================================================================
Received Import Request.
  Time since last request: 1.370834 seconds.
  path: Assets/LEGO/Prefabs/LEGO Behaviour Bricks/Audio.prefab
  artifactKey: Guid(2811b6b17136449a6b4e9b435ea8a3a1) Importer(815301076,1909f56bfc062723c751e8b465ee728b)
Start importing Assets/LEGO/Prefabs/LEGO Behaviour Bricks/Audio.prefab using Guid(2811b6b17136449a6b4e9b435ea8a3a1) Importer(815301076,1909f56bfc062723c751e8b465ee728b)  -> (artifact id: '416d4439c87ea2df7748d3104ae2e192') in 0.031512 seconds 
========================================================================
Received Import Request.
  Time since last request: 0.000029 seconds.
  path: Assets/LEGO/Prefabs/LEGO Behaviour Bricks/Pickup.prefab
  artifactKey: Guid(aabede6d086ed4135905ba95940a38b0) Importer(815301076,1909f56bfc062723c751e8b465ee728b)
Start importing Assets/LEGO/Prefabs/LEGO Behaviour Bricks/Pickup.prefab using Guid(aabede6d086ed4135905ba95940a38b0) Importer(815301076,1909f56bfc062723c751e8b465ee728b)  -> (artifact id: 'f3fe2597a243803b3daa6fd45a37f170') in 0.039484 seconds 
========================================================================
Received Import Request.
  Time since last request: 0.000028 seconds.
  path: Assets/LEGO/Prefabs/LEGO Behaviour Bricks/Nearby Trigger.prefab
  artifactKey: Guid(5073354b3112c48619a5a0a18f938ee7) Importer(815301076,1909f56bfc062723c751e8b465ee728b)
Start importing Assets/LEGO/Prefabs/LEGO Behaviour Bricks/Nearby Trigger.prefab using Guid(5073354b3112c48619a5a0a18f938ee7) Importer(815301076,1909f56bfc062723c751e8b465ee728b)  -> (artifact id: '338e8023eccbaaf09e7710f5835048c3') in 0.028101 seconds 
========================================================================
Received Import Request.
  Time since last request: 0.000033 seconds.
  path: Assets/LEGO/Prefabs/LEGO Behaviour Bricks/Counter Trigger.prefab
  artifactKey: Guid(0ad34d748b0f8584ab90acec1c11f21f) Importer(815301076,1909f56bfc062723c751e8b465ee728b)
Start importing Assets/LEGO/Prefabs/LEGO Behaviour Bricks/Counter Trigger.prefab using Guid(0ad34d748b0f8584ab90acec1c11f21f) Importer(815301076,1909f56bfc062723c751e8b465ee728b)  -> (artifact id: 'a88c4d8741a709c1e3d51a2e9174f66a') in 0.057572 seconds 
========================================================================
Received Import Request.
  Time since last request: 0.000055 seconds.
  path: Assets/LEGO/Prefabs/LEGO Behaviour Bricks/Platform.prefab
  artifactKey: Guid(57247d92339f745738d099ab710462e5) Importer(815301076,1909f56bfc062723c751e8b465ee728b)
Start importing Assets/LEGO/Prefabs/LEGO Behaviour Bricks/Platform.prefab using Guid(57247d92339f745738d099ab710462e5) Importer(815301076,1909f56bfc062723c751e8b465ee728b)  -> (artifact id: 'b870dbd48d18b9a898bbbfc090875448') in 0.034277 seconds 
========================================================================
Received Import Request.
  Time since last request: 0.000036 seconds.
  path: Assets/LEGO/Prefabs/LEGO Behaviour Bricks/Rotate.prefab
  artifactKey: Guid(193f2c47f5132467f97398ef0049802e) Importer(815301076,1909f56bfc062723c751e8b465ee728b)
Start importing Assets/LEGO/Prefabs/LEGO Behaviour Bricks/Rotate.prefab using Guid(193f2c47f5132467f97398ef0049802e) Importer(815301076,1909f56bfc062723c751e8b465ee728b)  -> (artifact id: '4421f682a3172ed12269616e6ec13e11') in 0.035380 seconds 
========================================================================
Received Import Request.
  Time since last request: 0.000077 seconds.
  path: Assets/LEGO/Prefabs/LEGO Behaviour Bricks/Elevator.prefab
  artifactKey: Guid(498488446aa4c453ebfad8a187f1299a) Importer(815301076,1909f56bfc062723c751e8b465ee728b)
Start importing Assets/LEGO/Prefabs/LEGO Behaviour Bricks/Elevator.prefab using Guid(498488446aa4c453ebfad8a187f1299a) Importer(815301076,1909f56bfc062723c751e8b465ee728b)  -> (artifact id: '17a0661cdb86700ee5b36f1f9a12b5be') in 0.028265 seconds 
========================================================================
Received Import Request.
  Time since last request: 0.000035 seconds.
  path: Assets/LEGO/Prefabs/LEGO Behaviour Bricks/Pickup Trigger.prefab
  artifactKey: Guid(4b2cfe96b53144070b342371e0a54a06) Importer(815301076,1909f56bfc062723c751e8b465ee728b)
Start importing Assets/LEGO/Prefabs/LEGO Behaviour Bricks/Pickup Trigger.prefab using Guid(4b2cfe96b53144070b342371e0a54a06) Importer(815301076,1909f56bfc062723c751e8b465ee728b)  -> (artifact id: '9e3ce460a3a715fe280797e4caa2bf7c') in 0.031518 seconds 
========================================================================
Received Import Request.
  Time since last request: 0.000026 seconds.
  path: Assets/LEGO/Prefabs/LEGO Behaviour Bricks/Hover.prefab
  artifactKey: Guid(ce1b1c9a8d68741c194647bf16ba5e33) Importer(815301076,1909f56bfc062723c751e8b465ee728b)
Start importing Assets/LEGO/Prefabs/LEGO Behaviour Bricks/Hover.prefab using Guid(ce1b1c9a8d68741c194647bf16ba5e33) Importer(815301076,1909f56bfc062723c751e8b465ee728b)  -> (artifact id: '794a8e3a1f4afc76e89f4b89f45dcedd') in 0.035257 seconds 
Editor requested this worker to shutdown with reason: Scaling down because of idle timeout
AssetImportWorker is now disconnected from the server
Process exiting
Exiting without the bug reporter. Application will terminate with return code 0