Using pre-set license
Built from '2022.1/staging' branch; Version is '2022.1.16f1 (7321c9670bc2) revision 7545289'; Using compiler version '192829333'; Build Type 'Release'
OS: 'Windows 10  (10.0.19045) 64bit Education' Language: 'en' Physical Memory: 16180 MB
BatchMode: 1, IsHumanControllingUs: 0, StartBugReporterOnCrash: 0, Is64bit: 1, IsPro: 1

COMMAND LINE ARGUMENTS:
C:\Program Files\Unity\Hub\Editor\2022.1.16f1\Editor\Unity.exe
-adb2
-batchMode
-noUpm
-name
AssetImportWorker2
-projectPath
D:/534301/lego-game/lego
-logFile
Logs/AssetImportWorker2.log
-srvPort
59022
Successfully changed project path to: D:/534301/lego-game/lego
D:/534301/lego-game/lego
[UnityMemory] Configuration Parameters - Can be set up in boot.config
    "memorysetup-bucket-allocator-granularity=16"
    "memorysetup-bucket-allocator-bucket-count=8"
    "memorysetup-bucket-allocator-block-size=33554432"
    "memorysetup-bucket-allocator-block-count=8"
    "memorysetup-main-allocator-block-size=16777216"
    "memorysetup-thread-allocator-block-size=16777216"
    "memorysetup-gfx-main-allocator-block-size=16777216"
    "memorysetup-gfx-thread-allocator-block-size=16777216"
    "memorysetup-cache-allocator-block-size=4194304"
    "memorysetup-typetree-allocator-block-size=2097152"
    "memorysetup-profiler-bucket-allocator-granularity=16"
    "memorysetup-profiler-bucket-allocator-bucket-count=8"
    "memorysetup-profiler-bucket-allocator-block-size=33554432"
    "memorysetup-profiler-bucket-allocator-block-count=8"
    "memorysetup-profiler-allocator-block-size=16777216"
    "memorysetup-profiler-editor-allocator-block-size=1048576"
    "memorysetup-temp-allocator-size-main=16777216"
    "memorysetup-job-temp-allocator-block-size=2097152"
    "memorysetup-job-temp-allocator-block-size-background=1048576"
    "memorysetup-job-temp-allocator-reduction-small-platforms=262144"
    "memorysetup-temp-allocator-size-background-worker=32768"
    "memorysetup-temp-allocator-size-job-worker=262144"
    "memorysetup-temp-allocator-size-preload-manager=33554432"
    "memorysetup-temp-allocator-size-nav-mesh-worker=65536"
    "memorysetup-temp-allocator-size-audio-worker=65536"
    "memorysetup-temp-allocator-size-cloud-worker=32768"
    "memorysetup-temp-allocator-size-gi-baking-worker=262144"
    "memorysetup-temp-allocator-size-gfx=262144"
Refreshing native plugins compatible for Editor in 120.35 ms, found 3 plugins.
Preloading 0 native plugins for Editor in 0.00 ms.
Initialize engine version: 2022.1.16f1 (7321c9670bc2)
[Subsystems] Discovering subsystems at path C:/Program Files/Unity/Hub/Editor/2022.1.16f1/Editor/Data/Resources/UnitySubsystems
[Subsystems] Discovering subsystems at path D:/534301/lego-game/lego/Assets
GfxDevice: creating device client; threaded=0; jobified=0
Direct3D:
    Version:  Direct3D 11.0 [level 11.1]
    Renderer: NVIDIA GeForce GTX 1650 (ID=0x1f82)
    Vendor:   NVIDIA
    VRAM:     3962 MB
    Driver:   31.0.15.1694
Initialize mono
Mono path[0] = 'C:/Program Files/Unity/Hub/Editor/2022.1.16f1/Editor/Data/Managed'
Mono path[1] = 'C:/Program Files/Unity/Hub/Editor/2022.1.16f1/Editor/Data/MonoBleedingEdge/lib/mono/unityjit-win32'
Mono config path = 'C:/Program Files/Unity/Hub/Editor/2022.1.16f1/Editor/Data/MonoBleedingEdge/etc'
Using monoOptions --debugger-agent=transport=dt_socket,embedding=1,server=y,suspend=n,address=127.0.0.1:56716
Begin MonoManager ReloadAssembly
Registering precompiled unity dll's ...
Register platform support module: C:/Program Files/Unity/Hub/Editor/2022.1.16f1/Editor/Data/PlaybackEngines/WebGLSupport/UnityEditor.WebGL.Extensions.dll
Register platform support module: C:/Program Files/Unity/Hub/Editor/2022.1.16f1/Editor/Data/PlaybackEngines/MacStandaloneSupport/UnityEditor.OSXStandalone.Extensions.dll
Register platform support module: C:/Program Files/Unity/Hub/Editor/2022.1.16f1/Editor/Data/PlaybackEngines/AndroidPlayer/UnityEditor.Android.Extensions.dll
Register platform support module: C:/Program Files/Unity/Hub/Editor/2022.1.16f1/Editor/Data/PlaybackEngines/iOSSupport/UnityEditor.iOS.Extensions.dll
Register platform support module: C:/Program Files/Unity/Hub/Editor/2022.1.16f1/Editor/Data/PlaybackEngines/AppleTVSupport/UnityEditor.AppleTV.Extensions.dll
Register platform support module: C:/Program Files/Unity/Hub/Editor/2022.1.16f1/Editor/Data/PlaybackEngines/WindowsStandaloneSupport/UnityEditor.WindowsStandalone.Extensions.dll
Register platform support module: C:/Program Files/Unity/Hub/Editor/2022.1.16f1/Editor/Data/PlaybackEngines/LinuxStandaloneSupport/UnityEditor.LinuxStandalone.Extensions.dll
Register platform support module: C:/Program Files/Unity/Hub/Editor/2022.1.16f1/Editor/Data/PlaybackEngines/MetroSupport/UnityEditor.UWP.Extensions.dll
Registered in 0.022304 seconds.
Native extension for UWP target not found
Native extension for LinuxStandalone target not found
Native extension for WindowsStandalone target not found
[usbmuxd] Start listen thread
[usbmuxd] Listen thread started
Native extension for AppleTV target not found
[usbmuxd] Start listen thread
[usbmuxd] Listen thread started
Native extension for iOS target not found
Native extension for Android target not found
Native extension for OSXStandalone target not found
Native extension for WebGL target not found
Refreshing native plugins compatible for Editor in 115.92 ms, found 3 plugins.
Preloading 0 native plugins for Editor in 0.00 ms.
Mono: successfully reloaded assembly
- Completed reload, in  0.715 seconds
Domain Reload Profiling:
	ReloadAssembly (715ms)
		BeginReloadAssembly (79ms)
			ExecutionOrderSort (0ms)
			DisableScriptedObjects (0ms)
			BackupInstance (0ms)
			ReleaseScriptingObjects (0ms)
			CreateAndSetChildDomain (1ms)
		EndReloadAssembly (509ms)
			LoadAssemblies (78ms)
			RebuildTransferFunctionScriptingTraits (0ms)
			SetupTypeCache (110ms)
				TypeCache.Initialize (110ms)
					TypeCache.ScanAssembly (108ms)
				ResolveRequiredComponents (0ms)
			ReleaseScriptCaches (0ms)
			RebuildScriptCaches (21ms)
			SetupLoadedEditorAssemblies (318ms)
				LogAssemblyErrors (0ms)
				InitializePlatformSupportModulesInManaged (63ms)
				SetLoadedEditorAssemblies (5ms)
				RefreshPlugins (116ms)
				BeforeProcessingInitializeOnLoad (1ms)
				ProcessInitializeOnLoadAttributes (93ms)
				ProcessInitializeOnLoadMethodAttributes (40ms)
				AfterProcessingInitializeOnLoad (0ms)
				EditorAssembliesLoaded (0ms)
			ExecutionOrderSort2 (0ms)
			AwakeInstancesAfterBackupRestoration (0ms)
Platform modules already initialized, skipping
Registering precompiled user dll's ...
Registered in 0.005465 seconds.
Begin MonoManager ReloadAssembly
Symbol file LoadedFromMemory doesn't match image D:\534301\lego-game\lego\Library\PackageCache\com.unity.visualscripting@1.7.8\Editor\VisualScripting.Core\Dependencies\YamlDotNet\Unity.VisualScripting.YamlDotNet.dll
Symbol file LoadedFromMemory doesn't match image D:\534301\lego-game\lego\Library\PackageCache\com.unity.visualscripting@1.7.8\Editor\VisualScripting.Core\Dependencies\DotNetZip\Unity.VisualScripting.IonicZip.dll
Native extension for UWP target not found
Native extension for LinuxStandalone target not found
Native extension for WindowsStandalone target not found
Native extension for AppleTV target not found
Native extension for iOS target not found
Native extension for Android target not found
Native extension for OSXStandalone target not found
Native extension for WebGL target not found
Refreshing native plugins compatible for Editor in 105.68 ms, found 3 plugins.
Preloading 0 native plugins for Editor in 0.00 ms.
Mono: successfully reloaded assembly
- Completed reload, in  9.389 seconds
Domain Reload Profiling:
	ReloadAssembly (9390ms)
		BeginReloadAssembly (128ms)
			ExecutionOrderSort (0ms)
			DisableScriptedObjects (5ms)
			BackupInstance (0ms)
			ReleaseScriptingObjects (0ms)
			CreateAndSetChildDomain (23ms)
		EndReloadAssembly (9028ms)
			LoadAssemblies (6135ms)
			RebuildTransferFunctionScriptingTraits (0ms)
			SetupTypeCache (974ms)
				TypeCache.Initialize (963ms)
					TypeCache.ScanAssembly (958ms)
				ResolveRequiredComponents (11ms)
			ReleaseScriptCaches (1ms)
			RebuildScriptCaches (71ms)
			SetupLoadedEditorAssemblies (1812ms)
				LogAssemblyErrors (0ms)
				InitializePlatformSupportModulesInManaged (33ms)
				SetLoadedEditorAssemblies (5ms)
				RefreshPlugins (106ms)
				BeforeProcessingInitializeOnLoad (112ms)
				ProcessInitializeOnLoadAttributes (474ms)
				ProcessInitializeOnLoadMethodAttributes (1071ms)
				AfterProcessingInitializeOnLoad (12ms)
				EditorAssembliesLoaded (0ms)
			ExecutionOrderSort2 (0ms)
			AwakeInstancesAfterBackupRestoration (6ms)
Platform modules already initialized, skipping
========================================================================
Worker process is ready to serve import requests
Launched and connected shader compiler UnityShaderCompiler.exe after 0.04 seconds
Refreshing native plugins compatible for Editor in 1.25 ms, found 3 plugins.
Preloading 0 native plugins for Editor in 0.00 ms.
Unloading 5835 Unused Serialized files (Serialized files now loaded: 0)
Unloading 49 unused Assets / (421.1 KB). Loaded Objects now: 6314.
Memory consumption went from 0.91 GB to 0.91 GB.
Total: 4.211600 ms (FindLiveObjects: 0.422000 ms CreateObjectMapping: 0.423200 ms MarkObjects: 3.208100 ms  DeleteObjects: 0.157500 ms)

AssetImportParameters requested are different than current active one (requested -> active):
  custom:video-decoder-ogg-theora: a1e56fd34408186e4bbccfd4996cb3dc -> 
  custom:container-muxer-webm: aa71ff27fc2769a1b78a27578f13a17b -> 
  custom:container-demuxer-webm: 4f35f7cbe854078d1ac9338744f61a02 -> 
  custom:video-encoder-webm-vp8: eb34c28f22e8b96e1ab97ce403110664 -> 
  custom:audio-encoder-webm-vorbis: bf7c407c2cedff20999df2af8eb42d56 -> 
  custom:framework-win-MediaFoundation: 216162199b28c13a410421893ffa2e32 -> 
  custom:container-demuxer-ogg: 62fdf1f143b41e24485cea50d1cbac27 -> 
  custom:video-decoder-webm-vp8: 9c59270c3fd7afecdb556c50c9e8de78 -> 
  custom:audio-decoder-ogg-vorbis: bf7c407c2cedff20999df2af8eb42d56 -> 
========================================================================
Received Import Request.
  Time since last request: 1459355.322065 seconds.
  path: Assets/AddOns/MgLEGO Santas Brickshop/Scenes/Santas Brickshop.unity
  artifactKey: Guid(acace2a4b11ba4ac98fa2c83830e2d55) Importer(815301076,1909f56bfc062723c751e8b465ee728b)
Start importing Assets/AddOns/MgLEGO Santas Brickshop/Scenes/Santas Brickshop.unity using Guid(acace2a4b11ba4ac98fa2c83830e2d55) Importer(815301076,1909f56bfc062723c751e8b465ee728b)  -> (artifact id: '7b99b493f05c56ab89326e074091d891') in 0.025738 seconds 
========================================================================
Received Import Request.
  Time since last request: 0.000044 seconds.
  path: Assets/AddOns/MgLEGO Santas Brickshop/Scenes
  artifactKey: Guid(192612ee876ad4f138f6decefa5a2f2d) Importer(815301076,1909f56bfc062723c751e8b465ee728b)
Start importing Assets/AddOns/MgLEGO Santas Brickshop/Scenes using Guid(192612ee876ad4f138f6decefa5a2f2d) Importer(815301076,1909f56bfc062723c751e8b465ee728b)  -> (artifact id: '6e04c5ec878e2227fb357d004f220251') in 0.010648 seconds 
========================================================================
Received Import Request.
  Time since last request: 38.695279 seconds.
  path: Assets/AddOns/MgLEGO Gingerbricks Revenge/Scenes
  artifactKey: Guid(3f03d29d09b71c6499b35406edd0ca03) Importer(815301076,1909f56bfc062723c751e8b465ee728b)
Start importing Assets/AddOns/MgLEGO Gingerbricks Revenge/Scenes using Guid(3f03d29d09b71c6499b35406edd0ca03) Importer(815301076,1909f56bfc062723c751e8b465ee728b)  -> (artifact id: 'c825c5f89913cfcd40a18881cf5ec832') in 0.009575 seconds 
========================================================================
Received Import Request.
  Time since last request: 2.126562 seconds.
  path: Assets/AddOns/MgLEGO Gingerbricks Revenge/Scenes/Gingerbricks Revenge.unity
  artifactKey: Guid(a1ddbf0aec830774b950c2f65ef2a1c0) Importer(815301076,1909f56bfc062723c751e8b465ee728b)
Start importing Assets/AddOns/MgLEGO Gingerbricks Revenge/Scenes/Gingerbricks Revenge.unity using Guid(a1ddbf0aec830774b950c2f65ef2a1c0) Importer(815301076,1909f56bfc062723c751e8b465ee728b)  -> (artifact id: '79b70d71bf28c55591def2a65be9bbda') in 0.008934 seconds 
========================================================================
Received Prepare
Registering precompiled user dll's ...
Registered in 0.005324 seconds.
Begin MonoManager ReloadAssembly
Symbol file LoadedFromMemory doesn't match image D:\534301\lego-game\lego\Library\PackageCache\com.unity.visualscripting@1.7.8\Editor\VisualScripting.Core\Dependencies\YamlDotNet\Unity.VisualScripting.YamlDotNet.dll
Symbol file LoadedFromMemory doesn't match image D:\534301\lego-game\lego\Library\PackageCache\com.unity.visualscripting@1.7.8\Editor\VisualScripting.Core\Dependencies\DotNetZip\Unity.VisualScripting.IonicZip.dll
Native extension for UWP target not found
Native extension for LinuxStandalone target not found
Native extension for WindowsStandalone target not found
Native extension for AppleTV target not found
Native extension for iOS target not found
Native extension for Android target not found
Native extension for OSXStandalone target not found
Native extension for WebGL target not found
Refreshing native plugins compatible for Editor in 1.12 ms, found 3 plugins.
Preloading 0 native plugins for Editor in 0.00 ms.
Mono: successfully reloaded assembly
- Completed reload, in  1.315 seconds
Domain Reload Profiling:
	ReloadAssembly (1315ms)
		BeginReloadAssembly (144ms)
			ExecutionOrderSort (0ms)
			DisableScriptedObjects (5ms)
			BackupInstance (0ms)
			ReleaseScriptingObjects (0ms)
			CreateAndSetChildDomain (49ms)
		EndReloadAssembly (1078ms)
			LoadAssemblies (93ms)
			RebuildTransferFunctionScriptingTraits (0ms)
			SetupTypeCache (274ms)
				TypeCache.Initialize (263ms)
					TypeCache.ScanAssembly (255ms)
				ResolveRequiredComponents (11ms)
			ReleaseScriptCaches (2ms)
			RebuildScriptCaches (47ms)
			SetupLoadedEditorAssemblies (624ms)
				LogAssemblyErrors (0ms)
				InitializePlatformSupportModulesInManaged (40ms)
				SetLoadedEditorAssemblies (5ms)
				RefreshPlugins (1ms)
				BeforeProcessingInitializeOnLoad (92ms)
				ProcessInitializeOnLoadAttributes (400ms)
				ProcessInitializeOnLoadMethodAttributes (74ms)
				AfterProcessingInitializeOnLoad (12ms)
				EditorAssembliesLoaded (0ms)
			ExecutionOrderSort2 (0ms)
			AwakeInstancesAfterBackupRestoration (7ms)
Platform modules already initialized, skipping
Refreshing native plugins compatible for Editor in 2.12 ms, found 3 plugins.
Preloading 0 native plugins for Editor in 0.00 ms.
Unloading 5694 Unused Serialized files (Serialized files now loaded: 0)
Unloading 30 unused Assets / (381.5 KB). Loaded Objects now: 6330.
Memory consumption went from 0.89 GB to 0.89 GB.
Total: 3.822200 ms (FindLiveObjects: 0.367100 ms CreateObjectMapping: 0.332900 ms MarkObjects: 3.037200 ms  DeleteObjects: 0.084000 ms)

AssetImportParameters requested are different than current active one (requested -> active):
  custom:video-decoder-ogg-theora: a1e56fd34408186e4bbccfd4996cb3dc -> 
  custom:container-muxer-webm: aa71ff27fc2769a1b78a27578f13a17b -> 
  custom:container-demuxer-webm: 4f35f7cbe854078d1ac9338744f61a02 -> 
  custom:video-encoder-webm-vp8: eb34c28f22e8b96e1ab97ce403110664 -> 
  custom:audio-encoder-webm-vorbis: bf7c407c2cedff20999df2af8eb42d56 -> 
  custom:framework-win-MediaFoundation: 216162199b28c13a410421893ffa2e32 -> 
  custom:container-demuxer-ogg: 62fdf1f143b41e24485cea50d1cbac27 -> 
  custom:video-decoder-webm-vp8: 9c59270c3fd7afecdb556c50c9e8de78 -> 
  custom:audio-decoder-ogg-vorbis: bf7c407c2cedff20999df2af8eb42d56 -> 
========================================================================
Received Prepare
Registering precompiled user dll's ...
Registered in 0.258900 seconds.
Begin MonoManager ReloadAssembly
Symbol file LoadedFromMemory doesn't match image D:\534301\lego-game\lego\Library\PackageCache\com.unity.visualscripting@1.7.8\Editor\VisualScripting.Core\Dependencies\YamlDotNet\Unity.VisualScripting.YamlDotNet.dll
Symbol file LoadedFromMemory doesn't match image D:\534301\lego-game\lego\Library\PackageCache\com.unity.visualscripting@1.7.8\Editor\VisualScripting.Core\Dependencies\DotNetZip\Unity.VisualScripting.IonicZip.dll
Native extension for UWP target not found
Native extension for LinuxStandalone target not found
Native extension for WindowsStandalone target not found
Native extension for AppleTV target not found
Native extension for iOS target not found
Native extension for Android target not found
Native extension for OSXStandalone target not found
Native extension for WebGL target not found
Refreshing native plugins compatible for Editor in 31.24 ms, found 3 plugins.
Preloading 0 native plugins for Editor in 0.00 ms.
Mono: successfully reloaded assembly
- Completed reload, in 17.314 seconds
Domain Reload Profiling:
	ReloadAssembly (17322ms)
		BeginReloadAssembly (6220ms)
			ExecutionOrderSort (0ms)
			DisableScriptedObjects (134ms)
			BackupInstance (0ms)
			ReleaseScriptingObjects (1ms)
			CreateAndSetChildDomain (552ms)
		EndReloadAssembly (10666ms)
			LoadAssemblies (12751ms)
			RebuildTransferFunctionScriptingTraits (5ms)
			SetupTypeCache (1596ms)
				TypeCache.Initialize (1576ms)
					TypeCache.ScanAssembly (1548ms)
				ResolveRequiredComponents (18ms)
			ReleaseScriptCaches (2ms)
			RebuildScriptCaches (51ms)
			SetupLoadedEditorAssemblies (1239ms)
				LogAssemblyErrors (0ms)
				InitializePlatformSupportModulesInManaged (82ms)
				SetLoadedEditorAssemblies (6ms)
				RefreshPlugins (31ms)
				BeforeProcessingInitializeOnLoad (109ms)
				ProcessInitializeOnLoadAttributes (882ms)
				ProcessInitializeOnLoadMethodAttributes (114ms)
				AfterProcessingInitializeOnLoad (14ms)
				EditorAssembliesLoaded (0ms)
			ExecutionOrderSort2 (0ms)
			AwakeInstancesAfterBackupRestoration (9ms)
Platform modules already initialized, skipping
Refreshing native plugins compatible for Editor in 35.30 ms, found 3 plugins.
Preloading 0 native plugins for Editor in 0.00 ms.
Unloading 5694 Unused Serialized files (Serialized files now loaded: 0)
Unloading 30 unused Assets / (381.5 KB). Loaded Objects now: 6346.
Memory consumption went from 0.89 GB to 0.89 GB.
Total: 11.012500 ms (FindLiveObjects: 0.336000 ms CreateObjectMapping: 0.285300 ms MarkObjects: 9.437400 ms  DeleteObjects: 0.952900 ms)

AssetImportParameters requested are different than current active one (requested -> active):
  custom:video-decoder-ogg-theora: a1e56fd34408186e4bbccfd4996cb3dc -> 
  custom:container-muxer-webm: aa71ff27fc2769a1b78a27578f13a17b -> 
  custom:container-demuxer-webm: 4f35f7cbe854078d1ac9338744f61a02 -> 
  custom:video-encoder-webm-vp8: eb34c28f22e8b96e1ab97ce403110664 -> 
  custom:audio-encoder-webm-vorbis: bf7c407c2cedff20999df2af8eb42d56 -> 
  custom:framework-win-MediaFoundation: 216162199b28c13a410421893ffa2e32 -> 
  custom:container-demuxer-ogg: 62fdf1f143b41e24485cea50d1cbac27 -> 
  custom:video-decoder-webm-vp8: 9c59270c3fd7afecdb556c50c9e8de78 -> 
  custom:audio-decoder-ogg-vorbis: bf7c407c2cedff20999df2af8eb42d56 -> 
========================================================================
Received Prepare
Registering precompiled user dll's ...
Registered in 0.007398 seconds.
Begin MonoManager ReloadAssembly
Symbol file LoadedFromMemory doesn't match image D:\534301\lego-game\lego\Library\PackageCache\com.unity.visualscripting@1.7.8\Editor\VisualScripting.Core\Dependencies\YamlDotNet\Unity.VisualScripting.YamlDotNet.dll
Symbol file LoadedFromMemory doesn't match image D:\534301\lego-game\lego\Library\PackageCache\com.unity.visualscripting@1.7.8\Editor\VisualScripting.Core\Dependencies\DotNetZip\Unity.VisualScripting.IonicZip.dll
Native extension for UWP target not found
Native extension for LinuxStandalone target not found
Native extension for WindowsStandalone target not found
Native extension for AppleTV target not found
Native extension for iOS target not found
Native extension for Android target not found
Native extension for OSXStandalone target not found
Native extension for WebGL target not found
Refreshing native plugins compatible for Editor in 1.41 ms, found 3 plugins.
Preloading 0 native plugins for Editor in 0.00 ms.
Mono: successfully reloaded assembly
- Completed reload, in  1.851 seconds
Domain Reload Profiling:
	ReloadAssembly (1852ms)
		BeginReloadAssembly (233ms)
			ExecutionOrderSort (0ms)
			DisableScriptedObjects (15ms)
			BackupInstance (0ms)
			ReleaseScriptingObjects (0ms)
			CreateAndSetChildDomain (102ms)
		EndReloadAssembly (1426ms)
			LoadAssemblies (118ms)
			RebuildTransferFunctionScriptingTraits (0ms)
			SetupTypeCache (504ms)
				TypeCache.Initialize (491ms)
					TypeCache.ScanAssembly (482ms)
				ResolveRequiredComponents (12ms)
			ReleaseScriptCaches (2ms)
			RebuildScriptCaches (51ms)
			SetupLoadedEditorAssemblies (682ms)
				LogAssemblyErrors (0ms)
				InitializePlatformSupportModulesInManaged (50ms)
				SetLoadedEditorAssemblies (5ms)
				RefreshPlugins (1ms)
				BeforeProcessingInitializeOnLoad (91ms)
				ProcessInitializeOnLoadAttributes (444ms)
				ProcessInitializeOnLoadMethodAttributes (77ms)
				AfterProcessingInitializeOnLoad (13ms)
				EditorAssembliesLoaded (0ms)
			ExecutionOrderSort2 (0ms)
			AwakeInstancesAfterBackupRestoration (9ms)
Platform modules already initialized, skipping
Refreshing native plugins compatible for Editor in 2.11 ms, found 3 plugins.
Preloading 0 native plugins for Editor in 0.00 ms.
Unloading 5694 Unused Serialized files (Serialized files now loaded: 0)
Unloading 30 unused Assets / (381.5 KB). Loaded Objects now: 6362.
Memory consumption went from 0.89 GB to 0.89 GB.
Total: 4.797000 ms (FindLiveObjects: 0.500600 ms CreateObjectMapping: 0.198100 ms MarkObjects: 3.975600 ms  DeleteObjects: 0.121500 ms)

AssetImportParameters requested are different than current active one (requested -> active):
  custom:video-decoder-ogg-theora: a1e56fd34408186e4bbccfd4996cb3dc -> 
  custom:container-muxer-webm: aa71ff27fc2769a1b78a27578f13a17b -> 
  custom:container-demuxer-webm: 4f35f7cbe854078d1ac9338744f61a02 -> 
  custom:video-encoder-webm-vp8: eb34c28f22e8b96e1ab97ce403110664 -> 
  custom:audio-encoder-webm-vorbis: bf7c407c2cedff20999df2af8eb42d56 -> 
  custom:framework-win-MediaFoundation: 216162199b28c13a410421893ffa2e32 -> 
  custom:container-demuxer-ogg: 62fdf1f143b41e24485cea50d1cbac27 -> 
  custom:video-decoder-webm-vp8: 9c59270c3fd7afecdb556c50c9e8de78 -> 
  custom:audio-decoder-ogg-vorbis: bf7c407c2cedff20999df2af8eb42d56 -> 
========================================================================
Received Prepare
Registering precompiled user dll's ...
Registered in 0.005953 seconds.
Begin MonoManager ReloadAssembly
Symbol file LoadedFromMemory doesn't match image D:\534301\lego-game\lego\Library\PackageCache\com.unity.visualscripting@1.7.8\Editor\VisualScripting.Core\Dependencies\YamlDotNet\Unity.VisualScripting.YamlDotNet.dll
Symbol file LoadedFromMemory doesn't match image D:\534301\lego-game\lego\Library\PackageCache\com.unity.visualscripting@1.7.8\Editor\VisualScripting.Core\Dependencies\DotNetZip\Unity.VisualScripting.IonicZip.dll
Native extension for UWP target not found
Native extension for LinuxStandalone target not found
Native extension for WindowsStandalone target not found
Native extension for AppleTV target not found
Native extension for iOS target not found
Native extension for Android target not found
Native extension for OSXStandalone target not found
Native extension for WebGL target not found
Refreshing native plugins compatible for Editor in 1.10 ms, found 3 plugins.
Preloading 0 native plugins for Editor in 0.00 ms.
Mono: successfully reloaded assembly
- Completed reload, in  1.282 seconds
Domain Reload Profiling:
	ReloadAssembly (1283ms)
		BeginReloadAssembly (155ms)
			ExecutionOrderSort (0ms)
			DisableScriptedObjects (5ms)
			BackupInstance (0ms)
			ReleaseScriptingObjects (0ms)
			CreateAndSetChildDomain (49ms)
		EndReloadAssembly (1031ms)
			LoadAssemblies (121ms)
			RebuildTransferFunctionScriptingTraits (0ms)
			SetupTypeCache (293ms)
				TypeCache.Initialize (281ms)
					TypeCache.ScanAssembly (274ms)
				ResolveRequiredComponents (11ms)
			ReleaseScriptCaches (2ms)
			RebuildScriptCaches (46ms)
			SetupLoadedEditorAssemblies (527ms)
				LogAssemblyErrors (0ms)
				InitializePlatformSupportModulesInManaged (44ms)
				SetLoadedEditorAssemblies (6ms)
				RefreshPlugins (1ms)
				BeforeProcessingInitializeOnLoad (92ms)
				ProcessInitializeOnLoadAttributes (285ms)
				ProcessInitializeOnLoadMethodAttributes (85ms)
				AfterProcessingInitializeOnLoad (14ms)
				EditorAssembliesLoaded (0ms)
			ExecutionOrderSort2 (0ms)
			AwakeInstancesAfterBackupRestoration (9ms)
Platform modules already initialized, skipping
Refreshing native plugins compatible for Editor in 2.24 ms, found 3 plugins.
Preloading 0 native plugins for Editor in 0.00 ms.
Unloading 5694 Unused Serialized files (Serialized files now loaded: 0)
Unloading 30 unused Assets / (381.4 KB). Loaded Objects now: 6378.
Memory consumption went from 0.89 GB to 0.89 GB.
Total: 3.661200 ms (FindLiveObjects: 0.354400 ms CreateObjectMapping: 0.315600 ms MarkObjects: 2.911400 ms  DeleteObjects: 0.079000 ms)

AssetImportParameters requested are different than current active one (requested -> active):
  custom:video-decoder-ogg-theora: a1e56fd34408186e4bbccfd4996cb3dc -> 
  custom:container-muxer-webm: aa71ff27fc2769a1b78a27578f13a17b -> 
  custom:container-demuxer-webm: 4f35f7cbe854078d1ac9338744f61a02 -> 
  custom:video-encoder-webm-vp8: eb34c28f22e8b96e1ab97ce403110664 -> 
  custom:audio-encoder-webm-vorbis: bf7c407c2cedff20999df2af8eb42d56 -> 
  custom:framework-win-MediaFoundation: 216162199b28c13a410421893ffa2e32 -> 
  custom:container-demuxer-ogg: 62fdf1f143b41e24485cea50d1cbac27 -> 
  custom:video-decoder-webm-vp8: 9c59270c3fd7afecdb556c50c9e8de78 -> 
  custom:audio-decoder-ogg-vorbis: bf7c407c2cedff20999df2af8eb42d56 -> 
========================================================================
Received Prepare
Registering precompiled user dll's ...
Registered in 0.005863 seconds.
Begin MonoManager ReloadAssembly
Symbol file LoadedFromMemory doesn't match image D:\534301\lego-game\lego\Library\PackageCache\com.unity.visualscripting@1.7.8\Editor\VisualScripting.Core\Dependencies\YamlDotNet\Unity.VisualScripting.YamlDotNet.dll
Symbol file LoadedFromMemory doesn't match image D:\534301\lego-game\lego\Library\PackageCache\com.unity.visualscripting@1.7.8\Editor\VisualScripting.Core\Dependencies\DotNetZip\Unity.VisualScripting.IonicZip.dll
Native extension for UWP target not found
Native extension for LinuxStandalone target not found
Native extension for WindowsStandalone target not found
Native extension for AppleTV target not found
Native extension for iOS target not found
Native extension for Android target not found
Native extension for OSXStandalone target not found
Native extension for WebGL target not found
Refreshing native plugins compatible for Editor in 2.16 ms, found 3 plugins.
Preloading 0 native plugins for Editor in 0.00 ms.
Mono: successfully reloaded assembly
- Completed reload, in  1.263 seconds
Domain Reload Profiling:
	ReloadAssembly (1263ms)
		BeginReloadAssembly (150ms)
			ExecutionOrderSort (0ms)
			DisableScriptedObjects (6ms)
			BackupInstance (0ms)
			ReleaseScriptingObjects (0ms)
			CreateAndSetChildDomain (47ms)
		EndReloadAssembly (1017ms)
			LoadAssemblies (110ms)
			RebuildTransferFunctionScriptingTraits (0ms)
			SetupTypeCache (289ms)
				TypeCache.Initialize (277ms)
					TypeCache.ScanAssembly (271ms)
				ResolveRequiredComponents (13ms)
			ReleaseScriptCaches (2ms)
			RebuildScriptCaches (51ms)
			SetupLoadedEditorAssemblies (514ms)
				LogAssemblyErrors (0ms)
				InitializePlatformSupportModulesInManaged (44ms)
				SetLoadedEditorAssemblies (5ms)
				RefreshPlugins (2ms)
				BeforeProcessingInitializeOnLoad (97ms)
				ProcessInitializeOnLoadAttributes (273ms)
				ProcessInitializeOnLoadMethodAttributes (78ms)
				AfterProcessingInitializeOnLoad (13ms)
				EditorAssembliesLoaded (0ms)
			ExecutionOrderSort2 (0ms)
			AwakeInstancesAfterBackupRestoration (9ms)
Platform modules already initialized, skipping
Refreshing native plugins compatible for Editor in 2.28 ms, found 3 plugins.
Preloading 0 native plugins for Editor in 0.00 ms.
Unloading 5694 Unused Serialized files (Serialized files now loaded: 0)
Unloading 30 unused Assets / (381.6 KB). Loaded Objects now: 6394.
Memory consumption went from 0.89 GB to 0.89 GB.
Total: 3.736800 ms (FindLiveObjects: 0.346300 ms CreateObjectMapping: 0.324500 ms MarkObjects: 2.986200 ms  DeleteObjects: 0.079100 ms)

AssetImportParameters requested are different than current active one (requested -> active):
  custom:video-decoder-ogg-theora: a1e56fd34408186e4bbccfd4996cb3dc -> 
  custom:container-muxer-webm: aa71ff27fc2769a1b78a27578f13a17b -> 
  custom:container-demuxer-webm: 4f35f7cbe854078d1ac9338744f61a02 -> 
  custom:video-encoder-webm-vp8: eb34c28f22e8b96e1ab97ce403110664 -> 
  custom:audio-encoder-webm-vorbis: bf7c407c2cedff20999df2af8eb42d56 -> 
  custom:framework-win-MediaFoundation: 216162199b28c13a410421893ffa2e32 -> 
  custom:container-demuxer-ogg: 62fdf1f143b41e24485cea50d1cbac27 -> 
  custom:video-decoder-webm-vp8: 9c59270c3fd7afecdb556c50c9e8de78 -> 
  custom:audio-decoder-ogg-vorbis: bf7c407c2cedff20999df2af8eb42d56 -> 
========================================================================
Received Import Request.
  Time since last request: 3099.459405 seconds.
  path: Assets/LEGO/Tutorials/3 Elevator/3_touchTrigger.mp4
  artifactKey: Guid(353d6f926a65449cab4f03be4f2b2af4) Importer(815301076,1909f56bfc062723c751e8b465ee728b)
Start importing Assets/LEGO/Tutorials/3 Elevator/3_touchTrigger.mp4 using Guid(353d6f926a65449cab4f03be4f2b2af4) Importer(815301076,1909f56bfc062723c751e8b465ee728b)  -> (artifact id: '6fb9dc8d3136ee8030c340beb6fa38b9') in 0.096833 seconds 
========================================================================
Received Import Request.
  Time since last request: 0.000023 seconds.
  path: Assets/LEGO/Textures/LEGO Behaviour Icons/Counter Trigger Side.png
  artifactKey: Guid(bddbc5b185dd94f46ae2cabbae86f753) Importer(815301076,1909f56bfc062723c751e8b465ee728b)
Start importing Assets/LEGO/Textures/LEGO Behaviour Icons/Counter Trigger Side.png using Guid(bddbc5b185dd94f46ae2cabbae86f753) Importer(815301076,1909f56bfc062723c751e8b465ee728b)  -> (artifact id: 'b567636ffdbe2157fa7f4f6a2b0090d9') in 0.096821 seconds 
========================================================================
Received Import Request.
  Time since last request: 0.000021 seconds.
  path: Assets/LEGO/Gizmos/LEGO Behaviour Icons/Input Trigger.png
  artifactKey: Guid(7e97c3f1d4acc4d7fb49c261ec5a7ad0) Importer(815301076,1909f56bfc062723c751e8b465ee728b)
Start importing Assets/LEGO/Gizmos/LEGO Behaviour Icons/Input Trigger.png using Guid(7e97c3f1d4acc4d7fb49c261ec5a7ad0) Importer(815301076,1909f56bfc062723c751e8b465ee728b)  -> (artifact id: '5ac7ab02d8f6e47777898dcc612d8ade') in 0.024552 seconds 
========================================================================
Received Import Request.
  Time since last request: 0.000031 seconds.
  path: Assets/LEGO/Prefabs/LEGO Behaviour Bricks/Nearby Trigger.prefab
  artifactKey: Guid(5073354b3112c48619a5a0a18f938ee7) Importer(815301076,1909f56bfc062723c751e8b465ee728b)
Start importing Assets/LEGO/Prefabs/LEGO Behaviour Bricks/Nearby Trigger.prefab using Guid(5073354b3112c48619a5a0a18f938ee7) Importer(815301076,1909f56bfc062723c751e8b465ee728b)  -> (artifact id: '04b74dacf7636f2b917a94234e4b51f2') in 0.574395 seconds 
========================================================================
Received Import Request.
  Time since last request: 0.000030 seconds.
  path: Assets/LEGO/Textures/LEGO Behaviour Icons/Input Trigger Side.png
  artifactKey: Guid(fb691fd0fe88a409ca83522a138ef863) Importer(815301076,1909f56bfc062723c751e8b465ee728b)
Start importing Assets/LEGO/Textures/LEGO Behaviour Icons/Input Trigger Side.png using Guid(fb691fd0fe88a409ca83522a138ef863) Importer(815301076,1909f56bfc062723c751e8b465ee728b)  -> (artifact id: '903c48d9bee2cfd79d09d69b9844af68') in 0.015970 seconds 
========================================================================
Received Import Request.
  Time since last request: 0.000129 seconds.
  path: Assets/LEGO/Prefabs/LEGO Behaviour Bricks/Random Trigger.prefab
  artifactKey: Guid(02e3db666d57540848263b70239df2a9) Importer(815301076,1909f56bfc062723c751e8b465ee728b)
Start importing Assets/LEGO/Prefabs/LEGO Behaviour Bricks/Random Trigger.prefab using Guid(02e3db666d57540848263b70239df2a9) Importer(815301076,1909f56bfc062723c751e8b465ee728b)  -> (artifact id: '244f14264f1e49d63e31e729401298b6') in 0.058247 seconds 
========================================================================
Received Import Request.
  Time since last request: 0.000027 seconds.
  path: Assets/LEGO/Materials/LEGO Behaviour Icons/Random Trigger Side.mat
  artifactKey: Guid(6a1b9acdb46854395a28a77195673513) Importer(815301076,1909f56bfc062723c751e8b465ee728b)
Start importing Assets/LEGO/Materials/LEGO Behaviour Icons/Random Trigger Side.mat using Guid(6a1b9acdb46854395a28a77195673513) Importer(815301076,1909f56bfc062723c751e8b465ee728b)  -> (artifact id: '84ca2d143a89e93fd609d3d6d47e7728') in 0.029854 seconds 
========================================================================
Received Import Request.
  Time since last request: 0.000025 seconds.
  path: Assets/LEGO/Prefabs/LEGO Behaviour Bricks/Input Trigger.prefab
  artifactKey: Guid(0e1bf072a3aa3894b938ebe6a19490c5) Importer(815301076,1909f56bfc062723c751e8b465ee728b)
Start importing Assets/LEGO/Prefabs/LEGO Behaviour Bricks/Input Trigger.prefab using Guid(0e1bf072a3aa3894b938ebe6a19490c5) Importer(815301076,1909f56bfc062723c751e8b465ee728b)  -> (artifact id: 'ce8a7b6893a4db833a80a06854b18f70') in 0.088430 seconds 
========================================================================
Received Import Request.
  Time since last request: 0.000023 seconds.
  path: Assets/LEGO/Gizmos/LEGO Behaviour Icons/Random Trigger.png
  artifactKey: Guid(9878e561595be41a1a47a93727318c7e) Importer(815301076,1909f56bfc062723c751e8b465ee728b)
Start importing Assets/LEGO/Gizmos/LEGO Behaviour Icons/Random Trigger.png using Guid(9878e561595be41a1a47a93727318c7e) Importer(815301076,1909f56bfc062723c751e8b465ee728b)  -> (artifact id: 'bedf12a38b8937c70f3fa28523321b5c') in 0.015820 seconds 
========================================================================
Received Import Request.
  Time since last request: 0.000027 seconds.
  path: Assets/LEGO/Materials/LEGO Behaviour Icons/Nearby Trigger Side.mat
  artifactKey: Guid(f9be08ef393ed4d2bb3d9a380e80a824) Importer(815301076,1909f56bfc062723c751e8b465ee728b)
Start importing Assets/LEGO/Materials/LEGO Behaviour Icons/Nearby Trigger Side.mat using Guid(f9be08ef393ed4d2bb3d9a380e80a824) Importer(815301076,1909f56bfc062723c751e8b465ee728b)  -> (artifact id: 'f2b531cf0606148bc67f6e4f059f98a7') in 0.016455 seconds 
========================================================================
Received Import Request.
  Time since last request: 0.000030 seconds.
  path: Assets/LEGO/Tutorials/4 Win Conditions/T4S6_pickuptrigger.mp4
  artifactKey: Guid(e2d7d75f253a46e48ba5103a0b2382a9) Importer(815301076,1909f56bfc062723c751e8b465ee728b)
Start importing Assets/LEGO/Tutorials/4 Win Conditions/T4S6_pickuptrigger.mp4 using Guid(e2d7d75f253a46e48ba5103a0b2382a9) Importer(815301076,1909f56bfc062723c751e8b465ee728b)  -> (artifact id: 'b9cd75e56d6139b3366e91f86373e175') in 0.013613 seconds 
========================================================================
Received Import Request.
  Time since last request: 0.000024 seconds.
  path: Assets/LEGO/Textures/LEGO Behaviour Icons/Nearby Trigger Side.png
  artifactKey: Guid(d7d92c0b6f46943bf9ae1ebef29938ad) Importer(815301076,1909f56bfc062723c751e8b465ee728b)
Start importing Assets/LEGO/Textures/LEGO Behaviour Icons/Nearby Trigger Side.png using Guid(d7d92c0b6f46943bf9ae1ebef29938ad) Importer(815301076,1909f56bfc062723c751e8b465ee728b)  -> (artifact id: '18f8afe43615cd7f23ff3a5ffa5b51dd') in 0.024415 seconds 
========================================================================
Received Import Request.
  Time since last request: 0.000029 seconds.
  path: Assets/LEGO/Textures/LEGO Behaviour Icons/Pickup Trigger Side.png
  artifactKey: Guid(4f31f2bdf47b348ab877f59cac7ca0ea) Importer(815301076,1909f56bfc062723c751e8b465ee728b)
Start importing Assets/LEGO/Textures/LEGO Behaviour Icons/Pickup Trigger Side.png using Guid(4f31f2bdf47b348ab877f59cac7ca0ea) Importer(815301076,1909f56bfc062723c751e8b465ee728b)  -> (artifact id: '792a6cad556455e8a44a8a7c17565d4e') in 0.016905 seconds 
========================================================================
Received Import Request.
  Time since last request: 0.000037 seconds.
  path: Assets/LEGO/Prefabs/LEGO Behaviour Bricks/Pickup Trigger.prefab
  artifactKey: Guid(4b2cfe96b53144070b342371e0a54a06) Importer(815301076,1909f56bfc062723c751e8b465ee728b)
Start importing Assets/LEGO/Prefabs/LEGO Behaviour Bricks/Pickup Trigger.prefab using Guid(4b2cfe96b53144070b342371e0a54a06) Importer(815301076,1909f56bfc062723c751e8b465ee728b)  -> (artifact id: 'fc50e21555785ffb8cbc255d8bad6b1f') in 0.022920 seconds 
========================================================================
Received Import Request.
  Time since last request: 0.000026 seconds.
  path: Assets/LEGO/Materials/LEGO Behaviour Icons/Input Trigger Side.mat
  artifactKey: Guid(225bb35e52814460c9736fdc39c9ca04) Importer(815301076,1909f56bfc062723c751e8b465ee728b)
Start importing Assets/LEGO/Materials/LEGO Behaviour Icons/Input Trigger Side.mat using Guid(225bb35e52814460c9736fdc39c9ca04) Importer(815301076,1909f56bfc062723c751e8b465ee728b)  -> (artifact id: 'bf14588811cfd0f8c885cb0ef0599d64') in 0.016411 seconds 
========================================================================
Received Import Request.
  Time since last request: 0.000024 seconds.
  path: Assets/LEGO/Tutorials/3 Elevator/Elevator 20.asset
  artifactKey: Guid(a5a1500e6363ce7458d83c86af349121) Importer(815301076,1909f56bfc062723c751e8b465ee728b)
Start importing Assets/LEGO/Tutorials/3 Elevator/Elevator 20.asset using Guid(a5a1500e6363ce7458d83c86af349121) Importer(815301076,1909f56bfc062723c751e8b465ee728b)  -> (artifact id: 'c58ed4bcfd09cc8697b8c2f9f1a6ea9d') in 1.326996 seconds 
========================================================================
Received Import Request.
  Time since last request: 0.000031 seconds.
  path: Assets/LEGO/Gizmos/LEGO Behaviour Icons/Pickup Trigger.png
  artifactKey: Guid(35c263f77f91945948773e03715afaaa) Importer(815301076,1909f56bfc062723c751e8b465ee728b)
Start importing Assets/LEGO/Gizmos/LEGO Behaviour Icons/Pickup Trigger.png using Guid(35c263f77f91945948773e03715afaaa) Importer(815301076,1909f56bfc062723c751e8b465ee728b)  -> (artifact id: 'ed9ceff6078aca8b1563d13d056c8254') in 0.014802 seconds 
========================================================================
Received Import Request.
  Time since last request: 1.961434 seconds.
  path: Assets/LEGO/Tutorials/6 Customize/T6S6SetupTouchTrigger.mp4
  artifactKey: Guid(1d7f7eddf151dd7428befae3ef0b2f8a) Importer(815301076,1909f56bfc062723c751e8b465ee728b)
Start importing Assets/LEGO/Tutorials/6 Customize/T6S6SetupTouchTrigger.mp4 using Guid(1d7f7eddf151dd7428befae3ef0b2f8a) Importer(815301076,1909f56bfc062723c751e8b465ee728b)  -> (artifact id: '31425cb82d3f3faf4e5d9864210fa19d') in 0.037277 seconds 
========================================================================
Received Import Request.
  Time since last request: 0.000021 seconds.
  path: Assets/LEGO/Textures/LEGO Behaviour Icons/Timer Trigger Side.png
  artifactKey: Guid(d00a9e46e3347409fb2f40a28d4f5ae4) Importer(815301076,1909f56bfc062723c751e8b465ee728b)
Start importing Assets/LEGO/Textures/LEGO Behaviour Icons/Timer Trigger Side.png using Guid(d00a9e46e3347409fb2f40a28d4f5ae4) Importer(815301076,1909f56bfc062723c751e8b465ee728b)  -> (artifact id: '0ead4fbd33387903262c80a514e2b8a6') in 0.021628 seconds 
========================================================================
Received Import Request.
  Time since last request: 0.000023 seconds.
  path: Assets/LEGO/Gizmos/LEGO Behaviour Icons/Touch Trigger.png
  artifactKey: Guid(d3e91294b11524d4ebecfbe5cabf974d) Importer(815301076,1909f56bfc062723c751e8b465ee728b)
Start importing Assets/LEGO/Gizmos/LEGO Behaviour Icons/Touch Trigger.png using Guid(d3e91294b11524d4ebecfbe5cabf974d) Importer(815301076,1909f56bfc062723c751e8b465ee728b)  -> (artifact id: '363e8ada227ed3b8c5abb6982b86e65f') in 0.015623 seconds 
========================================================================
Received Import Request.
  Time since last request: 0.000032 seconds.
  path: Assets/LEGO/Materials/LEGO Behaviour Icons/Timer Trigger Side.mat
  artifactKey: Guid(b7e5bb6c489f14eb0bb12454f18fd97f) Importer(815301076,1909f56bfc062723c751e8b465ee728b)
Start importing Assets/LEGO/Materials/LEGO Behaviour Icons/Timer Trigger Side.mat using Guid(b7e5bb6c489f14eb0bb12454f18fd97f) Importer(815301076,1909f56bfc062723c751e8b465ee728b)  -> (artifact id: '2123e2c3a527b7c60de22f5ccba5c97e') in 0.017379 seconds 
========================================================================
Received Import Request.
  Time since last request: 0.000020 seconds.
  path: Assets/LEGO/Prefabs/LEGO Behaviour Bricks/Timer Trigger.prefab
  artifactKey: Guid(ccb19a972be40420186b733280eba741) Importer(815301076,1909f56bfc062723c751e8b465ee728b)
Start importing Assets/LEGO/Prefabs/LEGO Behaviour Bricks/Timer Trigger.prefab using Guid(ccb19a972be40420186b733280eba741) Importer(815301076,1909f56bfc062723c751e8b465ee728b)  -> (artifact id: 'a98345d417fc7da2e371d281866884d1') in 0.019492 seconds 
========================================================================
Received Import Request.
  Time since last request: 9.897453 seconds.
  path: Assets/LEGO/Prefabs/LEGO Behaviour Bricks
  artifactKey: Guid(5b5cfd2a85a7a488aa96b4afb2b2a04c) Importer(815301076,1909f56bfc062723c751e8b465ee728b)
Start importing Assets/LEGO/Prefabs/LEGO Behaviour Bricks using Guid(5b5cfd2a85a7a488aa96b4afb2b2a04c) Importer(815301076,1909f56bfc062723c751e8b465ee728b)  -> (artifact id: '6e6044fa59b9a430d39e373ff254f1d1') in 0.016182 seconds 
========================================================================
Received Import Request.
  Time since last request: 0.023272 seconds.
  path: Assets/LEGO/Prefabs/LEGO Behaviour Bricks/Alive.prefab
  artifactKey: Guid(14c411293fa3844dda7a44a1e006eb6c) Importer(815301076,1909f56bfc062723c751e8b465ee728b)
Start importing Assets/LEGO/Prefabs/LEGO Behaviour Bricks/Alive.prefab using Guid(14c411293fa3844dda7a44a1e006eb6c) Importer(815301076,1909f56bfc062723c751e8b465ee728b)  -> (artifact id: '4acffef5b1ec7f91596af2759a3502b1') in 0.064967 seconds 
========================================================================
Received Import Request.
  Time since last request: 0.000025 seconds.
  path: Assets/LEGO/Prefabs/LEGO Behaviour Bricks/Look At.prefab
  artifactKey: Guid(2e71bfa7eed3a41f788a600ef863e7b1) Importer(815301076,1909f56bfc062723c751e8b465ee728b)
Start importing Assets/LEGO/Prefabs/LEGO Behaviour Bricks/Look At.prefab using Guid(2e71bfa7eed3a41f788a600ef863e7b1) Importer(815301076,1909f56bfc062723c751e8b465ee728b)  -> (artifact id: '4d98be3ba08cd78f2af43d1ada1b97c6') in 0.064374 seconds 
========================================================================
Received Import Request.
  Time since last request: 0.000027 seconds.
  path: Assets/LEGO/Prefabs/LEGO Behaviour Bricks/Shoot.prefab
  artifactKey: Guid(64d1d089ce11e4eadaa32af6d2e3d1fd) Importer(815301076,1909f56bfc062723c751e8b465ee728b)
Start importing Assets/LEGO/Prefabs/LEGO Behaviour Bricks/Shoot.prefab using Guid(64d1d089ce11e4eadaa32af6d2e3d1fd) Importer(815301076,1909f56bfc062723c751e8b465ee728b)  -> (artifact id: 'e9b1da9e876f64aa361b2d345af6529b') in 0.097255 seconds 
========================================================================
Received Import Request.
  Time since last request: 0.000028 seconds.
  path: Assets/LEGO/Prefabs/LEGO Behaviour Bricks/Lose.prefab
  artifactKey: Guid(455247ff710ea4752a3ebae0c04d375f) Importer(815301076,1909f56bfc062723c751e8b465ee728b)
Start importing Assets/LEGO/Prefabs/LEGO Behaviour Bricks/Lose.prefab using Guid(455247ff710ea4752a3ebae0c04d375f) Importer(815301076,1909f56bfc062723c751e8b465ee728b)  -> (artifact id: '07dbfb70c779fb76cdc3be5d54ca55c0') in 0.060818 seconds 
========================================================================
Received Import Request.
  Time since last request: 0.000034 seconds.
  path: Assets/LEGO/Prefabs/LEGO Behaviour Bricks/Platform.prefab
  artifactKey: Guid(57247d92339f745738d099ab710462e5) Importer(815301076,1909f56bfc062723c751e8b465ee728b)
Start importing Assets/LEGO/Prefabs/LEGO Behaviour Bricks/Platform.prefab using Guid(57247d92339f745738d099ab710462e5) Importer(815301076,1909f56bfc062723c751e8b465ee728b)  -> (artifact id: '9d2483cd80e3857d58deeba299f60708') in 0.045054 seconds 
========================================================================
Received Import Request.
  Time since last request: 0.000023 seconds.
  path: Assets/LEGO/Prefabs/LEGO Behaviour Bricks/Control.prefab
  artifactKey: Guid(30cbd9d88ad3ab74a88fe4f7b478c574) Importer(815301076,1909f56bfc062723c751e8b465ee728b)
Start importing Assets/LEGO/Prefabs/LEGO Behaviour Bricks/Control.prefab using Guid(30cbd9d88ad3ab74a88fe4f7b478c574) Importer(815301076,1909f56bfc062723c751e8b465ee728b)  -> (artifact id: '06711e68502eab0b9998b81ee301d12f') in 0.056735 seconds 
========================================================================
Received Import Request.
  Time since last request: 0.000028 seconds.
  path: Assets/LEGO/Prefabs/LEGO Behaviour Bricks/Rotate.prefab
  artifactKey: Guid(193f2c47f5132467f97398ef0049802e) Importer(815301076,1909f56bfc062723c751e8b465ee728b)
Start importing Assets/LEGO/Prefabs/LEGO Behaviour Bricks/Rotate.prefab using Guid(193f2c47f5132467f97398ef0049802e) Importer(815301076,1909f56bfc062723c751e8b465ee728b)  -> (artifact id: '87b36451f5e5c2671ef30d9924c80065') in 0.105090 seconds 
========================================================================
Received Import Request.
  Time since last request: 0.000030 seconds.
  path: Assets/LEGO/Prefabs/LEGO Behaviour Bricks/One Button.prefab
  artifactKey: Guid(1f775bc2fdffc134e9c5098dc582ef5c) Importer(815301076,1909f56bfc062723c751e8b465ee728b)
Start importing Assets/LEGO/Prefabs/LEGO Behaviour Bricks/One Button.prefab using Guid(1f775bc2fdffc134e9c5098dc582ef5c) Importer(815301076,1909f56bfc062723c751e8b465ee728b)  -> (artifact id: '230f9fa7665caca41ea6ceb05caf358d') in 0.084838 seconds 
========================================================================
Received Import Request.
  Time since last request: 0.000025 seconds.
  path: Assets/LEGO/Prefabs/LEGO Behaviour Bricks/Elevator.prefab
  artifactKey: Guid(498488446aa4c453ebfad8a187f1299a) Importer(815301076,1909f56bfc062723c751e8b465ee728b)
Start importing Assets/LEGO/Prefabs/LEGO Behaviour Bricks/Elevator.prefab using Guid(498488446aa4c453ebfad8a187f1299a) Importer(815301076,1909f56bfc062723c751e8b465ee728b)  -> (artifact id: '8513e40fca2b305a743a254e755f0d32') in 0.049827 seconds 
========================================================================
Received Import Request.
  Time since last request: 0.000035 seconds.
  path: Assets/LEGO/Prefabs/LEGO Behaviour Bricks/Hazard.prefab
  artifactKey: Guid(569d6da3692aa4c52814451a313b2732) Importer(815301076,1909f56bfc062723c751e8b465ee728b)
Start importing Assets/LEGO/Prefabs/LEGO Behaviour Bricks/Hazard.prefab using Guid(569d6da3692aa4c52814451a313b2732) Importer(815301076,1909f56bfc062723c751e8b465ee728b)  -> (artifact id: '318a1c0cf01c49b69471bc80d01f0907') in 0.115472 seconds 
========================================================================
Received Import Request.
  Time since last request: 0.000025 seconds.
  path: Assets/LEGO/Prefabs/LEGO Behaviour Bricks/Hover.prefab
  artifactKey: Guid(ce1b1c9a8d68741c194647bf16ba5e33) Importer(815301076,1909f56bfc062723c751e8b465ee728b)
Start importing Assets/LEGO/Prefabs/LEGO Behaviour Bricks/Hover.prefab using Guid(ce1b1c9a8d68741c194647bf16ba5e33) Importer(815301076,1909f56bfc062723c751e8b465ee728b)  -> (artifact id: '9c90e1b2caa63cda19db49c5ccb35185') in 0.043340 seconds 
========================================================================
Received Import Request.
  Time since last request: 0.000019 seconds.
  path: Assets/LEGO/Prefabs/LEGO Behaviour Bricks/Move.prefab
  artifactKey: Guid(5f90c7d3098fc4659b7fc9bb45df5fa7) Importer(815301076,1909f56bfc062723c751e8b465ee728b)
Start importing Assets/LEGO/Prefabs/LEGO Behaviour Bricks/Move.prefab using Guid(5f90c7d3098fc4659b7fc9bb45df5fa7) Importer(815301076,1909f56bfc062723c751e8b465ee728b)  -> (artifact id: '3c14dea58d49dd0de70c19e02eac2aae') in 0.033587 seconds 
========================================================================
Received Prepare
Registering precompiled user dll's ...
Registered in 0.006350 seconds.
Begin MonoManager ReloadAssembly
Symbol file LoadedFromMemory doesn't match image D:\534301\lego-game\lego\Library\PackageCache\com.unity.visualscripting@1.7.8\Editor\VisualScripting.Core\Dependencies\YamlDotNet\Unity.VisualScripting.YamlDotNet.dll
Symbol file LoadedFromMemory doesn't match image D:\534301\lego-game\lego\Library\PackageCache\com.unity.visualscripting@1.7.8\Editor\VisualScripting.Core\Dependencies\DotNetZip\Unity.VisualScripting.IonicZip.dll
Native extension for UWP target not found
Native extension for LinuxStandalone target not found
Native extension for WindowsStandalone target not found
Native extension for AppleTV target not found
Native extension for iOS target not found
Native extension for Android target not found
Native extension for OSXStandalone target not found
Native extension for WebGL target not found
Refreshing native plugins compatible for Editor in 1.21 ms, found 3 plugins.
Preloading 0 native plugins for Editor in 0.00 ms.
Mono: successfully reloaded assembly
- Completed reload, in  1.828 seconds
Domain Reload Profiling:
	ReloadAssembly (1829ms)
		BeginReloadAssembly (268ms)
			ExecutionOrderSort (0ms)
			DisableScriptedObjects (20ms)
			BackupInstance (0ms)
			ReleaseScriptingObjects (0ms)
			CreateAndSetChildDomain (126ms)
		EndReloadAssembly (1400ms)
			LoadAssemblies (113ms)
			RebuildTransferFunctionScriptingTraits (0ms)
			SetupTypeCache (532ms)
				TypeCache.Initialize (521ms)
					TypeCache.ScanAssembly (512ms)
				ResolveRequiredComponents (11ms)
			ReleaseScriptCaches (2ms)
			RebuildScriptCaches (45ms)
			SetupLoadedEditorAssemblies (620ms)
				LogAssemblyErrors (0ms)
				InitializePlatformSupportModulesInManaged (43ms)
				SetLoadedEditorAssemblies (5ms)
				RefreshPlugins (1ms)
				BeforeProcessingInitializeOnLoad (90ms)
				ProcessInitializeOnLoadAttributes (393ms)
				ProcessInitializeOnLoadMethodAttributes (75ms)
				AfterProcessingInitializeOnLoad (12ms)
				EditorAssembliesLoaded (0ms)
			ExecutionOrderSort2 (0ms)
			AwakeInstancesAfterBackupRestoration (9ms)
Platform modules already initialized, skipping
Refreshing native plugins compatible for Editor in 7.91 ms, found 3 plugins.
Preloading 0 native plugins for Editor in 0.00 ms.
Unloading 5694 Unused Serialized files (Serialized files now loaded: 0)
Unloading 32 unused Assets / (383.1 KB). Loaded Objects now: 6498.
Memory consumption went from 0.90 GB to 0.90 GB.
Total: 4.478000 ms (FindLiveObjects: 0.406400 ms CreateObjectMapping: 0.162300 ms MarkObjects: 3.804000 ms  DeleteObjects: 0.104500 ms)

AssetImportParameters requested are different than current active one (requested -> active):
  custom:video-decoder-ogg-theora: a1e56fd34408186e4bbccfd4996cb3dc -> 
  custom:container-muxer-webm: aa71ff27fc2769a1b78a27578f13a17b -> 
  custom:container-demuxer-webm: 4f35f7cbe854078d1ac9338744f61a02 -> 
  custom:video-encoder-webm-vp8: eb34c28f22e8b96e1ab97ce403110664 -> 
  custom:audio-encoder-webm-vorbis: bf7c407c2cedff20999df2af8eb42d56 -> 
  custom:framework-win-MediaFoundation: 216162199b28c13a410421893ffa2e32 -> 
  custom:container-demuxer-ogg: 62fdf1f143b41e24485cea50d1cbac27 -> 
  custom:video-decoder-webm-vp8: 9c59270c3fd7afecdb556c50c9e8de78 -> 
  custom:audio-decoder-ogg-vorbis: bf7c407c2cedff20999df2af8eb42d56 -> 
========================================================================
Received Prepare
Registering precompiled user dll's ...
Registered in 0.007937 seconds.
Begin MonoManager ReloadAssembly
Symbol file LoadedFromMemory doesn't match image D:\534301\lego-game\lego\Library\PackageCache\com.unity.visualscripting@1.7.8\Editor\VisualScripting.Core\Dependencies\YamlDotNet\Unity.VisualScripting.YamlDotNet.dll
Symbol file LoadedFromMemory doesn't match image D:\534301\lego-game\lego\Library\PackageCache\com.unity.visualscripting@1.7.8\Editor\VisualScripting.Core\Dependencies\DotNetZip\Unity.VisualScripting.IonicZip.dll
Native extension for UWP target not found
Native extension for LinuxStandalone target not found
Native extension for WindowsStandalone target not found
Native extension for AppleTV target not found
Native extension for iOS target not found
Native extension for Android target not found
Native extension for OSXStandalone target not found
Native extension for WebGL target not found
Refreshing native plugins compatible for Editor in 1.29 ms, found 3 plugins.
Preloading 0 native plugins for Editor in 0.00 ms.
Mono: successfully reloaded assembly
- Completed reload, in  1.806 seconds
Domain Reload Profiling:
	ReloadAssembly (1807ms)
		BeginReloadAssembly (161ms)
			ExecutionOrderSort (0ms)
			DisableScriptedObjects (5ms)
			BackupInstance (0ms)
			ReleaseScriptingObjects (0ms)
			CreateAndSetChildDomain (50ms)
		EndReloadAssembly (1447ms)
			LoadAssemblies (116ms)
			RebuildTransferFunctionScriptingTraits (0ms)
			SetupTypeCache (594ms)
				TypeCache.Initialize (581ms)
					TypeCache.ScanAssembly (572ms)
				ResolveRequiredComponents (13ms)
			ReleaseScriptCaches (2ms)
			RebuildScriptCaches (48ms)
			SetupLoadedEditorAssemblies (600ms)
				LogAssemblyErrors (0ms)
				InitializePlatformSupportModulesInManaged (46ms)
				SetLoadedEditorAssemblies (6ms)
				RefreshPlugins (1ms)
				BeforeProcessingInitializeOnLoad (94ms)
				ProcessInitializeOnLoadAttributes (359ms)
				ProcessInitializeOnLoadMethodAttributes (80ms)
				AfterProcessingInitializeOnLoad (14ms)
				EditorAssembliesLoaded (0ms)
			ExecutionOrderSort2 (0ms)
			AwakeInstancesAfterBackupRestoration (12ms)
Platform modules already initialized, skipping
Refreshing native plugins compatible for Editor in 2.14 ms, found 3 plugins.
Preloading 0 native plugins for Editor in 0.00 ms.
Unloading 5694 Unused Serialized files (Serialized files now loaded: 0)
Unloading 30 unused Assets / (381.5 KB). Loaded Objects now: 6514.
Memory consumption went from 0.90 GB to 0.90 GB.
Total: 5.595900 ms (FindLiveObjects: 0.701700 ms CreateObjectMapping: 0.455400 ms MarkObjects: 4.329300 ms  DeleteObjects: 0.108800 ms)

AssetImportParameters requested are different than current active one (requested -> active):
  custom:video-decoder-ogg-theora: a1e56fd34408186e4bbccfd4996cb3dc -> 
  custom:container-muxer-webm: aa71ff27fc2769a1b78a27578f13a17b -> 
  custom:container-demuxer-webm: 4f35f7cbe854078d1ac9338744f61a02 -> 
  custom:video-encoder-webm-vp8: eb34c28f22e8b96e1ab97ce403110664 -> 
  custom:audio-encoder-webm-vorbis: bf7c407c2cedff20999df2af8eb42d56 -> 
  custom:framework-win-MediaFoundation: 216162199b28c13a410421893ffa2e32 -> 
  custom:container-demuxer-ogg: 62fdf1f143b41e24485cea50d1cbac27 -> 
  custom:video-decoder-webm-vp8: 9c59270c3fd7afecdb556c50c9e8de78 -> 
  custom:audio-decoder-ogg-vorbis: bf7c407c2cedff20999df2af8eb42d56 -> 
========================================================================
Received Prepare
Registering precompiled user dll's ...
Registered in 0.006031 seconds.
Begin MonoManager ReloadAssembly
Symbol file LoadedFromMemory doesn't match image D:\534301\lego-game\lego\Library\PackageCache\com.unity.visualscripting@1.7.8\Editor\VisualScripting.Core\Dependencies\YamlDotNet\Unity.VisualScripting.YamlDotNet.dll
Symbol file LoadedFromMemory doesn't match image D:\534301\lego-game\lego\Library\PackageCache\com.unity.visualscripting@1.7.8\Editor\VisualScripting.Core\Dependencies\DotNetZip\Unity.VisualScripting.IonicZip.dll
Native extension for UWP target not found
Native extension for LinuxStandalone target not found
Native extension for WindowsStandalone target not found
Native extension for AppleTV target not found
Native extension for iOS target not found
Native extension for Android target not found
Native extension for OSXStandalone target not found
Native extension for WebGL target not found
Refreshing native plugins compatible for Editor in 1.18 ms, found 3 plugins.
Preloading 0 native plugins for Editor in 0.00 ms.
Mono: successfully reloaded assembly
- Completed reload, in  1.183 seconds
Domain Reload Profiling:
	ReloadAssembly (1184ms)
		BeginReloadAssembly (139ms)
			ExecutionOrderSort (0ms)
			DisableScriptedObjects (5ms)
			BackupInstance (0ms)
			ReleaseScriptingObjects (0ms)
			CreateAndSetChildDomain (43ms)
		EndReloadAssembly (956ms)
			LoadAssemblies (91ms)
			RebuildTransferFunctionScriptingTraits (0ms)
			SetupTypeCache (269ms)
				TypeCache.Initialize (257ms)
					TypeCache.ScanAssembly (251ms)
				ResolveRequiredComponents (12ms)
			ReleaseScriptCaches (2ms)
			RebuildScriptCaches (46ms)
			SetupLoadedEditorAssemblies (493ms)
				LogAssemblyErrors (0ms)
				InitializePlatformSupportModulesInManaged (40ms)
				SetLoadedEditorAssemblies (5ms)
				RefreshPlugins (1ms)
				BeforeProcessingInitializeOnLoad (96ms)
				ProcessInitializeOnLoadAttributes (270ms)
				ProcessInitializeOnLoadMethodAttributes (69ms)
				AfterProcessingInitializeOnLoad (12ms)
				EditorAssembliesLoaded (0ms)
			ExecutionOrderSort2 (0ms)
			AwakeInstancesAfterBackupRestoration (8ms)
Platform modules already initialized, skipping
Refreshing native plugins compatible for Editor in 2.21 ms, found 3 plugins.
Preloading 0 native plugins for Editor in 0.00 ms.
Unloading 5694 Unused Serialized files (Serialized files now loaded: 0)
Unloading 30 unused Assets / (381.6 KB). Loaded Objects now: 6530.
Memory consumption went from 0.90 GB to 0.90 GB.
Total: 3.709300 ms (FindLiveObjects: 0.384900 ms CreateObjectMapping: 0.324800 ms MarkObjects: 2.921500 ms  DeleteObjects: 0.077300 ms)

AssetImportParameters requested are different than current active one (requested -> active):
  custom:video-decoder-ogg-theora: a1e56fd34408186e4bbccfd4996cb3dc -> 
  custom:container-muxer-webm: aa71ff27fc2769a1b78a27578f13a17b -> 
  custom:container-demuxer-webm: 4f35f7cbe854078d1ac9338744f61a02 -> 
  custom:video-encoder-webm-vp8: eb34c28f22e8b96e1ab97ce403110664 -> 
  custom:audio-encoder-webm-vorbis: bf7c407c2cedff20999df2af8eb42d56 -> 
  custom:framework-win-MediaFoundation: 216162199b28c13a410421893ffa2e32 -> 
  custom:container-demuxer-ogg: 62fdf1f143b41e24485cea50d1cbac27 -> 
  custom:video-decoder-webm-vp8: 9c59270c3fd7afecdb556c50c9e8de78 -> 
  custom:audio-decoder-ogg-vorbis: bf7c407c2cedff20999df2af8eb42d56 -> 
========================================================================
Received Prepare
Registering precompiled user dll's ...
Registered in 0.005262 seconds.
Begin MonoManager ReloadAssembly
Symbol file LoadedFromMemory doesn't match image D:\534301\lego-game\lego\Library\PackageCache\com.unity.visualscripting@1.7.8\Editor\VisualScripting.Core\Dependencies\YamlDotNet\Unity.VisualScripting.YamlDotNet.dll
Symbol file LoadedFromMemory doesn't match image D:\534301\lego-game\lego\Library\PackageCache\com.unity.visualscripting@1.7.8\Editor\VisualScripting.Core\Dependencies\DotNetZip\Unity.VisualScripting.IonicZip.dll
Native extension for UWP target not found
Native extension for LinuxStandalone target not found
Native extension for WindowsStandalone target not found
Native extension for AppleTV target not found
Native extension for iOS target not found
Native extension for Android target not found
Native extension for OSXStandalone target not found
Native extension for WebGL target not found
Refreshing native plugins compatible for Editor in 1.14 ms, found 3 plugins.
Preloading 0 native plugins for Editor in 0.00 ms.
Mono: successfully reloaded assembly
- Completed reload, in  1.149 seconds
Domain Reload Profiling:
	ReloadAssembly (1149ms)
		BeginReloadAssembly (139ms)
			ExecutionOrderSort (0ms)
			DisableScriptedObjects (5ms)
			BackupInstance (0ms)
			ReleaseScriptingObjects (0ms)
			CreateAndSetChildDomain (44ms)
		EndReloadAssembly (921ms)
			LoadAssemblies (92ms)
			RebuildTransferFunctionScriptingTraits (0ms)
			SetupTypeCache (254ms)
				TypeCache.Initialize (242ms)
					TypeCache.ScanAssembly (236ms)
				ResolveRequiredComponents (12ms)
			ReleaseScriptCaches (2ms)
			RebuildScriptCaches (39ms)
			SetupLoadedEditorAssemblies (480ms)
				LogAssemblyErrors (0ms)
				InitializePlatformSupportModulesInManaged (38ms)
				SetLoadedEditorAssemblies (5ms)
				RefreshPlugins (1ms)
				BeforeProcessingInitializeOnLoad (85ms)
				ProcessInitializeOnLoadAttributes (267ms)
				ProcessInitializeOnLoadMethodAttributes (73ms)
				AfterProcessingInitializeOnLoad (11ms)
				EditorAssembliesLoaded (0ms)
			ExecutionOrderSort2 (0ms)
			AwakeInstancesAfterBackupRestoration (9ms)
Platform modules already initialized, skipping
Refreshing native plugins compatible for Editor in 2.07 ms, found 3 plugins.
Preloading 0 native plugins for Editor in 0.00 ms.
Unloading 5694 Unused Serialized files (Serialized files now loaded: 0)
Unloading 30 unused Assets / (381.5 KB). Loaded Objects now: 6546.
Memory consumption went from 0.90 GB to 0.90 GB.
Total: 3.704500 ms (FindLiveObjects: 0.375800 ms CreateObjectMapping: 0.297900 ms MarkObjects: 2.948200 ms  DeleteObjects: 0.081700 ms)

AssetImportParameters requested are different than current active one (requested -> active):
  custom:video-decoder-ogg-theora: a1e56fd34408186e4bbccfd4996cb3dc -> 
  custom:container-muxer-webm: aa71ff27fc2769a1b78a27578f13a17b -> 
  custom:container-demuxer-webm: 4f35f7cbe854078d1ac9338744f61a02 -> 
  custom:video-encoder-webm-vp8: eb34c28f22e8b96e1ab97ce403110664 -> 
  custom:audio-encoder-webm-vorbis: bf7c407c2cedff20999df2af8eb42d56 -> 
  custom:framework-win-MediaFoundation: 216162199b28c13a410421893ffa2e32 -> 
  custom:container-demuxer-ogg: 62fdf1f143b41e24485cea50d1cbac27 -> 
  custom:video-decoder-webm-vp8: 9c59270c3fd7afecdb556c50c9e8de78 -> 
  custom:audio-decoder-ogg-vorbis: bf7c407c2cedff20999df2af8eb42d56 -> 
========================================================================
Received Prepare
Registering precompiled user dll's ...
Registered in 0.005268 seconds.
Begin MonoManager ReloadAssembly
Symbol file LoadedFromMemory doesn't match image D:\534301\lego-game\lego\Library\PackageCache\com.unity.visualscripting@1.7.8\Editor\VisualScripting.Core\Dependencies\YamlDotNet\Unity.VisualScripting.YamlDotNet.dll
Symbol file LoadedFromMemory doesn't match image D:\534301\lego-game\lego\Library\PackageCache\com.unity.visualscripting@1.7.8\Editor\VisualScripting.Core\Dependencies\DotNetZip\Unity.VisualScripting.IonicZip.dll
Native extension for UWP target not found
Native extension for LinuxStandalone target not found
Native extension for WindowsStandalone target not found
Native extension for AppleTV target not found
Native extension for iOS target not found
Native extension for Android target not found
Native extension for OSXStandalone target not found
Native extension for WebGL target not found
Refreshing native plugins compatible for Editor in 1.19 ms, found 3 plugins.
Preloading 0 native plugins for Editor in 0.00 ms.
Mono: successfully reloaded assembly
- Completed reload, in  1.151 seconds
Domain Reload Profiling:
	ReloadAssembly (1152ms)
		BeginReloadAssembly (141ms)
			ExecutionOrderSort (0ms)
			DisableScriptedObjects (6ms)
			BackupInstance (0ms)
			ReleaseScriptingObjects (0ms)
			CreateAndSetChildDomain (41ms)
		EndReloadAssembly (920ms)
			LoadAssemblies (98ms)
			RebuildTransferFunctionScriptingTraits (0ms)
			SetupTypeCache (256ms)
				TypeCache.Initialize (245ms)
					TypeCache.ScanAssembly (239ms)
				ResolveRequiredComponents (11ms)
			ReleaseScriptCaches (2ms)
			RebuildScriptCaches (44ms)
			SetupLoadedEditorAssemblies (466ms)
				LogAssemblyErrors (0ms)
				InitializePlatformSupportModulesInManaged (43ms)
				SetLoadedEditorAssemblies (5ms)
				RefreshPlugins (1ms)
				BeforeProcessingInitializeOnLoad (87ms)
				ProcessInitializeOnLoadAttributes (247ms)
				ProcessInitializeOnLoadMethodAttributes (69ms)
				AfterProcessingInitializeOnLoad (13ms)
				EditorAssembliesLoaded (0ms)
			ExecutionOrderSort2 (0ms)
			AwakeInstancesAfterBackupRestoration (12ms)
Platform modules already initialized, skipping
Refreshing native plugins compatible for Editor in 1.99 ms, found 3 plugins.
Preloading 0 native plugins for Editor in 0.00 ms.
Unloading 5694 Unused Serialized files (Serialized files now loaded: 0)
Unloading 30 unused Assets / (381.5 KB). Loaded Objects now: 6562.
Memory consumption went from 0.90 GB to 0.90 GB.
Total: 3.759000 ms (FindLiveObjects: 0.390900 ms CreateObjectMapping: 0.303300 ms MarkObjects: 2.987900 ms  DeleteObjects: 0.076200 ms)

AssetImportParameters requested are different than current active one (requested -> active):
  custom:video-decoder-ogg-theora: a1e56fd34408186e4bbccfd4996cb3dc -> 
  custom:container-muxer-webm: aa71ff27fc2769a1b78a27578f13a17b -> 
  custom:container-demuxer-webm: 4f35f7cbe854078d1ac9338744f61a02 -> 
  custom:video-encoder-webm-vp8: eb34c28f22e8b96e1ab97ce403110664 -> 
  custom:audio-encoder-webm-vorbis: bf7c407c2cedff20999df2af8eb42d56 -> 
  custom:framework-win-MediaFoundation: 216162199b28c13a410421893ffa2e32 -> 
  custom:container-demuxer-ogg: 62fdf1f143b41e24485cea50d1cbac27 -> 
  custom:video-decoder-webm-vp8: 9c59270c3fd7afecdb556c50c9e8de78 -> 
  custom:audio-decoder-ogg-vorbis: bf7c407c2cedff20999df2af8eb42d56 -> 
========================================================================
Received Prepare
Registering precompiled user dll's ...
Registered in 0.005518 seconds.
Begin MonoManager ReloadAssembly
Symbol file LoadedFromMemory doesn't match image D:\534301\lego-game\lego\Library\PackageCache\com.unity.visualscripting@1.7.8\Editor\VisualScripting.Core\Dependencies\YamlDotNet\Unity.VisualScripting.YamlDotNet.dll
Symbol file LoadedFromMemory doesn't match image D:\534301\lego-game\lego\Library\PackageCache\com.unity.visualscripting@1.7.8\Editor\VisualScripting.Core\Dependencies\DotNetZip\Unity.VisualScripting.IonicZip.dll
Native extension for UWP target not found
Native extension for LinuxStandalone target not found
Native extension for WindowsStandalone target not found
Native extension for AppleTV target not found
Native extension for iOS target not found
Native extension for Android target not found
Native extension for OSXStandalone target not found
Native extension for WebGL target not found
Refreshing native plugins compatible for Editor in 1.28 ms, found 3 plugins.
Preloading 0 native plugins for Editor in 0.00 ms.
Mono: successfully reloaded assembly
- Completed reload, in  1.930 seconds
Domain Reload Profiling:
	ReloadAssembly (1931ms)
		BeginReloadAssembly (253ms)
			ExecutionOrderSort (0ms)
			DisableScriptedObjects (16ms)
			BackupInstance (0ms)
			ReleaseScriptingObjects (0ms)
			CreateAndSetChildDomain (108ms)
		EndReloadAssembly (1471ms)
			LoadAssemblies (130ms)
			RebuildTransferFunctionScriptingTraits (0ms)
			SetupTypeCache (610ms)
				TypeCache.Initialize (597ms)
					TypeCache.ScanAssembly (589ms)
				ResolveRequiredComponents (13ms)
			ReleaseScriptCaches (2ms)
			RebuildScriptCaches (49ms)
			SetupLoadedEditorAssemblies (604ms)
				LogAssemblyErrors (0ms)
				InitializePlatformSupportModulesInManaged (47ms)
				SetLoadedEditorAssemblies (6ms)
				RefreshPlugins (1ms)
				BeforeProcessingInitializeOnLoad (95ms)
				ProcessInitializeOnLoadAttributes (360ms)
				ProcessInitializeOnLoadMethodAttributes (80ms)
				AfterProcessingInitializeOnLoad (15ms)
				EditorAssembliesLoaded (0ms)
			ExecutionOrderSort2 (0ms)
			AwakeInstancesAfterBackupRestoration (10ms)
Platform modules already initialized, skipping
Refreshing native plugins compatible for Editor in 3.44 ms, found 3 plugins.
Preloading 0 native plugins for Editor in 0.00 ms.
Unloading 5694 Unused Serialized files (Serialized files now loaded: 0)
Unloading 30 unused Assets / (381.6 KB). Loaded Objects now: 6578.
Memory consumption went from 0.90 GB to 0.90 GB.
Total: 5.329300 ms (FindLiveObjects: 0.448500 ms CreateObjectMapping: 0.367900 ms MarkObjects: 4.369000 ms  DeleteObjects: 0.142900 ms)

AssetImportParameters requested are different than current active one (requested -> active):
  custom:video-decoder-ogg-theora: a1e56fd34408186e4bbccfd4996cb3dc -> 
  custom:container-muxer-webm: aa71ff27fc2769a1b78a27578f13a17b -> 
  custom:container-demuxer-webm: 4f35f7cbe854078d1ac9338744f61a02 -> 
  custom:video-encoder-webm-vp8: eb34c28f22e8b96e1ab97ce403110664 -> 
  custom:audio-encoder-webm-vorbis: bf7c407c2cedff20999df2af8eb42d56 -> 
  custom:framework-win-MediaFoundation: 216162199b28c13a410421893ffa2e32 -> 
  custom:container-demuxer-ogg: 62fdf1f143b41e24485cea50d1cbac27 -> 
  custom:video-decoder-webm-vp8: 9c59270c3fd7afecdb556c50c9e8de78 -> 
  custom:audio-decoder-ogg-vorbis: bf7c407c2cedff20999df2af8eb42d56 -> 
========================================================================
Received Import Request.
  Time since last request: 9810.283553 seconds.
  path: Assets/LEGO/Prefabs/UI/Variables/Variable Energy.prefab
  artifactKey: Guid(71f6e633c437d3f49a7871f324f0bc12) Importer(815301076,1909f56bfc062723c751e8b465ee728b)
Start importing Assets/LEGO/Prefabs/UI/Variables/Variable Energy.prefab using Guid(71f6e633c437d3f49a7871f324f0bc12) Importer(815301076,1909f56bfc062723c751e8b465ee728b)  -> (artifact id: 'a14b21fb5701026093b3ee48ddcd0c07') in 0.174464 seconds 
========================================================================
Received Import Request.
  Time since last request: 0.000022 seconds.
  path: Assets/LEGO/Prefabs/UI/Variables/Variable Score.prefab
  artifactKey: Guid(1e390fdd61cd5fd43ba3755270f39a9a) Importer(815301076,1909f56bfc062723c751e8b465ee728b)
Start importing Assets/LEGO/Prefabs/UI/Variables/Variable Score.prefab using Guid(1e390fdd61cd5fd43ba3755270f39a9a) Importer(815301076,1909f56bfc062723c751e8b465ee728b)  -> (artifact id: '5f614f8a77430ab9c84f91ea411f02be') in 0.030669 seconds 
========================================================================
Received Import Request.
  Time since last request: 18.294055 seconds.
  path: Assets/LEGO/Prefabs/UI/Variables/Variable Score 1.prefab
  artifactKey: Guid(a110f5a67eaeb584786a63bbdb270958) Importer(815301076,1909f56bfc062723c751e8b465ee728b)
Start importing Assets/LEGO/Prefabs/UI/Variables/Variable Score 1.prefab using Guid(a110f5a67eaeb584786a63bbdb270958) Importer(815301076,1909f56bfc062723c751e8b465ee728b)  -> (artifact id: '635e5d86db02be31e3b278d7fb6e22e0') in 0.022933 seconds 
========================================================================
Received Import Request.
  Time since last request: 11.578984 seconds.
  path: Assets/LEGO/Prefabs/UI/Variables/Variable mounted.prefab
  artifactKey: Guid(a110f5a67eaeb584786a63bbdb270958) Importer(815301076,1909f56bfc062723c751e8b465ee728b)
Start importing Assets/LEGO/Prefabs/UI/Variables/Variable mounted.prefab using Guid(a110f5a67eaeb584786a63bbdb270958) Importer(815301076,1909f56bfc062723c751e8b465ee728b)  -> (artifact id: 'f948279e7d7cafb66e6e9530ebd4cddf') in 0.022552 seconds 
========================================================================
Received Import Request.
  Time since last request: 11.542640 seconds.
  path: Assets/LEGO Data/Geometry/New/LOD0/2340.fbx
  artifactKey: Guid(67cf15900007a4656bd3f7ed9e0ac17c) Importer(815301076,1909f56bfc062723c751e8b465ee728b)
Start importing Assets/LEGO Data/Geometry/New/LOD0/2340.fbx using Guid(67cf15900007a4656bd3f7ed9e0ac17c) Importer(815301076,1909f56bfc062723c751e8b465ee728b)  -> (artifact id: 'df795dd17477cb9966ff8a4f7a0a4d9e') in 0.966248 seconds 
========================================================================
Received Import Request.
  Time since last request: 0.000027 seconds.
  path: Assets/LEGO Data/Geometry/New/LOD0/2423.fbx
  artifactKey: Guid(5bd0fce1779e5a844b64d391b9d9933f) Importer(815301076,1909f56bfc062723c751e8b465ee728b)
Start importing Assets/LEGO Data/Geometry/New/LOD0/2423.fbx using Guid(5bd0fce1779e5a844b64d391b9d9933f) Importer(815301076,1909f56bfc062723c751e8b465ee728b)  -> (artifact id: '6fecfd54e23375989fa523abefeeff6c') in 0.046510 seconds 
========================================================================
Received Import Request.
  Time since last request: 0.000050 seconds.
  path: Assets/LEGO Data/Geometry/New/LOD0/2412.fbx
  artifactKey: Guid(50dc70daa8aa04d9fbb69e1a6ba23c93) Importer(815301076,1909f56bfc062723c751e8b465ee728b)
Start importing Assets/LEGO Data/Geometry/New/LOD0/2412.fbx using Guid(50dc70daa8aa04d9fbb69e1a6ba23c93) Importer(815301076,1909f56bfc062723c751e8b465ee728b)  -> (artifact id: '8d41b64f6021a1de6577afef4cc53d8d') in 0.032873 seconds 
========================================================================
Received Import Request.
  Time since last request: 0.000026 seconds.
  path: Assets/LEGO Data/Geometry/New/LOD0/2417.fbx
  artifactKey: Guid(9e3baa0e374ee4f1fa25867d7213c843) Importer(815301076,1909f56bfc062723c751e8b465ee728b)
Start importing Assets/LEGO Data/Geometry/New/LOD0/2417.fbx using Guid(9e3baa0e374ee4f1fa25867d7213c843) Importer(815301076,1909f56bfc062723c751e8b465ee728b)  -> (artifact id: '774aafc40dcaa426b171f3fa2cfb7e03') in 0.038244 seconds 
========================================================================
Received Import Request.
  Time since last request: 5.103334 seconds.
  path: Assets/LEGO/Prefabs/LEGO Models/Environment/Mountain.prefab
  artifactKey: Guid(79a95c1cb344f4ec18886bbe4bcdae7f) Importer(815301076,1909f56bfc062723c751e8b465ee728b)
Start importing Assets/LEGO/Prefabs/LEGO Models/Environment/Mountain.prefab using Guid(79a95c1cb344f4ec18886bbe4bcdae7f) Importer(815301076,1909f56bfc062723c751e8b465ee728b)  -> (artifact id: '8909219ecedf513e7ac655164a69e893') in 0.211242 seconds 
========================================================================
Received Prepare
Registering precompiled user dll's ...
Registered in 0.007067 seconds.
Begin MonoManager ReloadAssembly
Symbol file LoadedFromMemory doesn't match image D:\534301\lego-game\lego\Library\PackageCache\com.unity.visualscripting@1.7.8\Editor\VisualScripting.Core\Dependencies\YamlDotNet\Unity.VisualScripting.YamlDotNet.dll
Symbol file LoadedFromMemory doesn't match image D:\534301\lego-game\lego\Library\PackageCache\com.unity.visualscripting@1.7.8\Editor\VisualScripting.Core\Dependencies\DotNetZip\Unity.VisualScripting.IonicZip.dll
Native extension for UWP target not found
Native extension for LinuxStandalone target not found
Native extension for WindowsStandalone target not found
Native extension for AppleTV target not found
Native extension for iOS target not found
Native extension for Android target not found
Native extension for OSXStandalone target not found
Native extension for WebGL target not found
Refreshing native plugins compatible for Editor in 1.28 ms, found 3 plugins.
Preloading 0 native plugins for Editor in 0.00 ms.
Mono: successfully reloaded assembly
- Completed reload, in  1.374 seconds
Domain Reload Profiling:
	ReloadAssembly (1374ms)
		BeginReloadAssembly (166ms)
			ExecutionOrderSort (0ms)
			DisableScriptedObjects (7ms)
			BackupInstance (0ms)
			ReleaseScriptingObjects (0ms)
			CreateAndSetChildDomain (53ms)
		EndReloadAssembly (1113ms)
			LoadAssemblies (103ms)
			RebuildTransferFunctionScriptingTraits (0ms)
			SetupTypeCache (326ms)
				TypeCache.Initialize (312ms)
					TypeCache.ScanAssembly (304ms)
				ResolveRequiredComponents (14ms)
			ReleaseScriptCaches (2ms)
			RebuildScriptCaches (50ms)
			SetupLoadedEditorAssemblies (564ms)
				LogAssemblyErrors (0ms)
				InitializePlatformSupportModulesInManaged (42ms)
				SetLoadedEditorAssemblies (5ms)
				RefreshPlugins (1ms)
				BeforeProcessingInitializeOnLoad (99ms)
				ProcessInitializeOnLoadAttributes (300ms)
				ProcessInitializeOnLoadMethodAttributes (94ms)
				AfterProcessingInitializeOnLoad (21ms)
				EditorAssembliesLoaded (0ms)
			ExecutionOrderSort2 (0ms)
			AwakeInstancesAfterBackupRestoration (14ms)
Platform modules already initialized, skipping
Refreshing native plugins compatible for Editor in 2.37 ms, found 3 plugins.
Preloading 0 native plugins for Editor in 0.00 ms.
Unloading 5694 Unused Serialized files (Serialized files now loaded: 0)
Unloading 31 unused Assets / (383.4 KB). Loaded Objects now: 6636.
Memory consumption went from 0.90 GB to 0.90 GB.
Total: 3.982500 ms (FindLiveObjects: 0.370700 ms CreateObjectMapping: 0.318400 ms MarkObjects: 3.201800 ms  DeleteObjects: 0.090700 ms)

AssetImportParameters requested are different than current active one (requested -> active):
  custom:video-decoder-ogg-theora: a1e56fd34408186e4bbccfd4996cb3dc -> 
  custom:container-muxer-webm: aa71ff27fc2769a1b78a27578f13a17b -> 
  custom:container-demuxer-webm: 4f35f7cbe854078d1ac9338744f61a02 -> 
  custom:video-encoder-webm-vp8: eb34c28f22e8b96e1ab97ce403110664 -> 
  custom:audio-encoder-webm-vorbis: bf7c407c2cedff20999df2af8eb42d56 -> 
  custom:framework-win-MediaFoundation: 216162199b28c13a410421893ffa2e32 -> 
  custom:container-demuxer-ogg: 62fdf1f143b41e24485cea50d1cbac27 -> 
  custom:video-decoder-webm-vp8: 9c59270c3fd7afecdb556c50c9e8de78 -> 
  custom:audio-decoder-ogg-vorbis: bf7c407c2cedff20999df2af8eb42d56 -> 
========================================================================
Received Prepare
Registering precompiled user dll's ...
Registered in 0.007154 seconds.
Begin MonoManager ReloadAssembly
Symbol file LoadedFromMemory doesn't match image D:\534301\lego-game\lego\Library\PackageCache\com.unity.visualscripting@1.7.8\Editor\VisualScripting.Core\Dependencies\YamlDotNet\Unity.VisualScripting.YamlDotNet.dll
Symbol file LoadedFromMemory doesn't match image D:\534301\lego-game\lego\Library\PackageCache\com.unity.visualscripting@1.7.8\Editor\VisualScripting.Core\Dependencies\DotNetZip\Unity.VisualScripting.IonicZip.dll
Native extension for UWP target not found
Native extension for LinuxStandalone target not found
Native extension for WindowsStandalone target not found
Native extension for AppleTV target not found
Native extension for iOS target not found
Native extension for Android target not found
Native extension for OSXStandalone target not found
Native extension for WebGL target not found
Refreshing native plugins compatible for Editor in 1.11 ms, found 3 plugins.
Preloading 0 native plugins for Editor in 0.00 ms.
Mono: successfully reloaded assembly
- Completed reload, in  1.227 seconds
Domain Reload Profiling:
	ReloadAssembly (1228ms)
		BeginReloadAssembly (143ms)
			ExecutionOrderSort (0ms)
			DisableScriptedObjects (5ms)
			BackupInstance (0ms)
			ReleaseScriptingObjects (0ms)
			CreateAndSetChildDomain (42ms)
		EndReloadAssembly (983ms)
			LoadAssemblies (97ms)
			RebuildTransferFunctionScriptingTraits (0ms)
			SetupTypeCache (281ms)
				TypeCache.Initialize (268ms)
					TypeCache.ScanAssembly (260ms)
				ResolveRequiredComponents (14ms)
			ReleaseScriptCaches (2ms)
			RebuildScriptCaches (49ms)
			SetupLoadedEditorAssemblies (501ms)
				LogAssemblyErrors (0ms)
				InitializePlatformSupportModulesInManaged (40ms)
				SetLoadedEditorAssemblies (5ms)
				RefreshPlugins (1ms)
				BeforeProcessingInitializeOnLoad (89ms)
				ProcessInitializeOnLoadAttributes (274ms)
				ProcessInitializeOnLoadMethodAttributes (80ms)
				AfterProcessingInitializeOnLoad (12ms)
				EditorAssembliesLoaded (0ms)
			ExecutionOrderSort2 (0ms)
			AwakeInstancesAfterBackupRestoration (10ms)
Platform modules already initialized, skipping
Refreshing native plugins compatible for Editor in 2.19 ms, found 3 plugins.
Preloading 0 native plugins for Editor in 0.00 ms.
Unloading 5694 Unused Serialized files (Serialized files now loaded: 0)
Unloading 30 unused Assets / (381.5 KB). Loaded Objects now: 6652.
Memory consumption went from 0.90 GB to 0.90 GB.
Total: 4.114000 ms (FindLiveObjects: 0.436100 ms CreateObjectMapping: 0.382500 ms MarkObjects: 3.190600 ms  DeleteObjects: 0.103900 ms)

AssetImportParameters requested are different than current active one (requested -> active):
  custom:video-decoder-ogg-theora: a1e56fd34408186e4bbccfd4996cb3dc -> 
  custom:container-muxer-webm: aa71ff27fc2769a1b78a27578f13a17b -> 
  custom:container-demuxer-webm: 4f35f7cbe854078d1ac9338744f61a02 -> 
  custom:video-encoder-webm-vp8: eb34c28f22e8b96e1ab97ce403110664 -> 
  custom:audio-encoder-webm-vorbis: bf7c407c2cedff20999df2af8eb42d56 -> 
  custom:framework-win-MediaFoundation: 216162199b28c13a410421893ffa2e32 -> 
  custom:container-demuxer-ogg: 62fdf1f143b41e24485cea50d1cbac27 -> 
  custom:video-decoder-webm-vp8: 9c59270c3fd7afecdb556c50c9e8de78 -> 
  custom:audio-decoder-ogg-vorbis: bf7c407c2cedff20999df2af8eb42d56 -> 
========================================================================
Received Prepare
Registering precompiled user dll's ...
Registered in 0.005499 seconds.
Begin MonoManager ReloadAssembly
Symbol file LoadedFromMemory doesn't match image D:\534301\lego-game\lego\Library\PackageCache\com.unity.visualscripting@1.7.8\Editor\VisualScripting.Core\Dependencies\YamlDotNet\Unity.VisualScripting.YamlDotNet.dll
Symbol file LoadedFromMemory doesn't match image D:\534301\lego-game\lego\Library\PackageCache\com.unity.visualscripting@1.7.8\Editor\VisualScripting.Core\Dependencies\DotNetZip\Unity.VisualScripting.IonicZip.dll
Native extension for UWP target not found
Native extension for LinuxStandalone target not found
Native extension for WindowsStandalone target not found
Native extension for AppleTV target not found
Native extension for iOS target not found
Native extension for Android target not found
Native extension for OSXStandalone target not found
Native extension for WebGL target not found
Refreshing native plugins compatible for Editor in 1.16 ms, found 3 plugins.
Preloading 0 native plugins for Editor in 0.00 ms.
Mono: successfully reloaded assembly
- Completed reload, in  1.217 seconds
Domain Reload Profiling:
	ReloadAssembly (1218ms)
		BeginReloadAssembly (141ms)
			ExecutionOrderSort (0ms)
			DisableScriptedObjects (4ms)
			BackupInstance (0ms)
			ReleaseScriptingObjects (0ms)
			CreateAndSetChildDomain (42ms)
		EndReloadAssembly (982ms)
			LoadAssemblies (96ms)
			RebuildTransferFunctionScriptingTraits (0ms)
			SetupTypeCache (273ms)
				TypeCache.Initialize (260ms)
					TypeCache.ScanAssembly (253ms)
				ResolveRequiredComponents (13ms)
			ReleaseScriptCaches (2ms)
			RebuildScriptCaches (48ms)
			SetupLoadedEditorAssemblies (509ms)
				LogAssemblyErrors (0ms)
				InitializePlatformSupportModulesInManaged (43ms)
				SetLoadedEditorAssemblies (5ms)
				RefreshPlugins (1ms)
				BeforeProcessingInitializeOnLoad (98ms)
				ProcessInitializeOnLoadAttributes (276ms)
				ProcessInitializeOnLoadMethodAttributes (73ms)
				AfterProcessingInitializeOnLoad (12ms)
				EditorAssembliesLoaded (0ms)
			ExecutionOrderSort2 (0ms)
			AwakeInstancesAfterBackupRestoration (10ms)
Platform modules already initialized, skipping
Refreshing native plugins compatible for Editor in 2.31 ms, found 3 plugins.
Preloading 0 native plugins for Editor in 0.00 ms.
Unloading 5694 Unused Serialized files (Serialized files now loaded: 0)
Unloading 30 unused Assets / (381.5 KB). Loaded Objects now: 6668.
Memory consumption went from 0.90 GB to 0.90 GB.
Total: 3.694300 ms (FindLiveObjects: 0.377000 ms CreateObjectMapping: 0.300200 ms MarkObjects: 2.941900 ms  DeleteObjects: 0.074200 ms)

AssetImportParameters requested are different than current active one (requested -> active):
  custom:video-decoder-ogg-theora: a1e56fd34408186e4bbccfd4996cb3dc -> 
  custom:container-muxer-webm: aa71ff27fc2769a1b78a27578f13a17b -> 
  custom:container-demuxer-webm: 4f35f7cbe854078d1ac9338744f61a02 -> 
  custom:video-encoder-webm-vp8: eb34c28f22e8b96e1ab97ce403110664 -> 
  custom:audio-encoder-webm-vorbis: bf7c407c2cedff20999df2af8eb42d56 -> 
  custom:framework-win-MediaFoundation: 216162199b28c13a410421893ffa2e32 -> 
  custom:container-demuxer-ogg: 62fdf1f143b41e24485cea50d1cbac27 -> 
  custom:video-decoder-webm-vp8: 9c59270c3fd7afecdb556c50c9e8de78 -> 
  custom:audio-decoder-ogg-vorbis: bf7c407c2cedff20999df2af8eb42d56 -> 
